::1 - - [Wed, 13 Jan 2016 12:36:53 GMT] "GET / HTTP/1.1" 200 1076 "http://localhost:3000/" "Mozilla/5.0 (Windows NT 6.1; WOW64) AppleWebKit/537.36 (KHTML, like Gecko) Chrome/47.0.2526.106 Safari/537.36"
::1 - - [Wed, 13 Jan 2016 12:36:53 GMT] "GET /stylesheets/style.css HTTP/1.1" 304 - "http://localhost:3000/" "Mozilla/5.0 (Windows NT 6.1; WOW64) AppleWebKit/537.36 (KHTML, like Gecko) Chrome/47.0.2526.106 Safari/537.36"
::1 - - [Wed, 13 Jan 2016 12:36:54 GMT] "GET /post HTTP/1.1" 200 1397 "http://localhost:3000/" "Mozilla/5.0 (Windows NT 6.1; WOW64) AppleWebKit/537.36 (KHTML, like Gecko) Chrome/47.0.2526.106 Safari/537.36"
::1 - - [Wed, 13 Jan 2016 12:36:54 GMT] "GET /stylesheets/style.css HTTP/1.1" 304 - "http://localhost:3000/post" "Mozilla/5.0 (Windows NT 6.1; WOW64) AppleWebKit/537.36 (KHTML, like Gecko) Chrome/47.0.2526.106 Safari/537.36"
::1 - - [Wed, 13 Jan 2016 12:37:04 GMT] "POST /post HTTP/1.1" 302 46 "http://localhost:3000/post" "Mozilla/5.0 (Windows NT 6.1; WOW64) AppleWebKit/537.36 (KHTML, like Gecko) Chrome/47.0.2526.106 Safari/537.36"
::1 - - [Wed, 13 Jan 2016 12:37:04 GMT] "GET / HTTP/1.1" 200 1701 "http://localhost:3000/post" "Mozilla/5.0 (Windows NT 6.1; WOW64) AppleWebKit/537.36 (KHTML, like Gecko) Chrome/47.0.2526.106 Safari/537.36"
::1 - - [Wed, 13 Jan 2016 12:37:04 GMT] "GET /stylesheets/style.css HTTP/1.1" 304 - "http://localhost:3000/" "Mozilla/5.0 (Windows NT 6.1; WOW64) AppleWebKit/537.36 (KHTML, like Gecko) Chrome/47.0.2526.106 Safari/537.36"
::1 - - [Wed, 13 Jan 2016 12:37:57 GMT] "GET /logout HTTP/1.1" 302 46 "http://localhost:3000/" "Mozilla/5.0 (Windows NT 6.1; WOW64) AppleWebKit/537.36 (KHTML, like Gecko) Chrome/47.0.2526.106 Safari/537.36"
::1 - - [Wed, 13 Jan 2016 12:37:57 GMT] "GET / HTTP/1.1" 200 1632 "http://localhost:3000/" "Mozilla/5.0 (Windows NT 6.1; WOW64) AppleWebKit/537.36 (KHTML, like Gecko) Chrome/47.0.2526.106 Safari/537.36"
::1 - - [Wed, 13 Jan 2016 12:37:57 GMT] "GET /stylesheets/style.css HTTP/1.1" 304 - "http://localhost:3000/" "Mozilla/5.0 (Windows NT 6.1; WOW64) AppleWebKit/537.36 (KHTML, like Gecko) Chrome/47.0.2526.106 Safari/537.36"
::1 - - [Wed, 13 Jan 2016 12:38:00 GMT] "GET / HTTP/1.1" 200 1589 "-" "Mozilla/5.0 (Windows NT 6.1; WOW64) AppleWebKit/537.36 (KHTML, like Gecko) Chrome/47.0.2526.106 Safari/537.36"
::1 - - [Wed, 13 Jan 2016 12:38:00 GMT] "GET /stylesheets/style.css HTTP/1.1" 304 - "http://localhost:3000/" "Mozilla/5.0 (Windows NT 6.1; WOW64) AppleWebKit/537.36 (KHTML, like Gecko) Chrome/47.0.2526.106 Safari/537.36"
::1 - - [Fri, 15 Jan 2016 09:11:58 GMT] "GET / HTTP/1.1" 200 1007 "-" "Mozilla/5.0 (Windows NT 6.1; WOW64) AppleWebKit/537.36 (KHTML, like Gecko) Chrome/47.0.2526.106 Safari/537.36"
::1 - - [Fri, 15 Jan 2016 09:11:58 GMT] "GET /stylesheets/style.css HTTP/1.1" 304 - "http://localhost:3000/" "Mozilla/5.0 (Windows NT 6.1; WOW64) AppleWebKit/537.36 (KHTML, like Gecko) Chrome/47.0.2526.106 Safari/537.36"
::1 - - [Fri, 15 Jan 2016 09:12:00 GMT] "GET /reg HTTP/1.1" 200 1273 "http://localhost:3000/" "Mozilla/5.0 (Windows NT 6.1; WOW64) AppleWebKit/537.36 (KHTML, like Gecko) Chrome/47.0.2526.106 Safari/537.36"
::1 - - [Fri, 15 Jan 2016 09:12:00 GMT] "GET /stylesheets/style.css HTTP/1.1" 304 - "http://localhost:3000/reg" "Mozilla/5.0 (Windows NT 6.1; WOW64) AppleWebKit/537.36 (KHTML, like Gecko) Chrome/47.0.2526.106 Safari/537.36"
::1 - - [Fri, 15 Jan 2016 09:12:08 GMT] "GET /stylesheets/style.css HTTP/1.1" 304 - "http://localhost:3000/reg" "Mozilla/5.0 (Windows NT 6.1; WOW64) AppleWebKit/537.36 (KHTML, like Gecko) Chrome/47.0.2526.106 Safari/537.36"
::1 - - [Fri, 15 Jan 2016 09:12:38 GMT] "POST /reg HTTP/1.1" 302 46 "http://localhost:3000/reg" "Mozilla/5.0 (Windows NT 6.1; WOW64) AppleWebKit/537.36 (KHTML, like Gecko) Chrome/47.0.2526.106 Safari/537.36"
::1 - - [Fri, 15 Jan 2016 09:12:55 GMT] "GET / HTTP/1.1" 200 1119 "http://localhost:3000/reg" "Mozilla/5.0 (Windows NT 6.1; WOW64) AppleWebKit/537.36 (KHTML, like Gecko) Chrome/47.0.2526.106 Safari/537.36"
::1 - - [Fri, 15 Jan 2016 09:12:55 GMT] "GET /stylesheets/style.css HTTP/1.1" 304 - "http://localhost:3000/" "Mozilla/5.0 (Windows NT 6.1; WOW64) AppleWebKit/537.36 (KHTML, like Gecko) Chrome/47.0.2526.106 Safari/537.36"
::1 - - [Fri, 15 Jan 2016 09:13:01 GMT] "GET /post HTTP/1.1" 200 1397 "http://localhost:3000/" "Mozilla/5.0 (Windows NT 6.1; WOW64) AppleWebKit/537.36 (KHTML, like Gecko) Chrome/47.0.2526.106 Safari/537.36"
::1 - - [Fri, 15 Jan 2016 09:13:01 GMT] "GET /stylesheets/style.css HTTP/1.1" 304 - "http://localhost:3000/post" "Mozilla/5.0 (Windows NT 6.1; WOW64) AppleWebKit/537.36 (KHTML, like Gecko) Chrome/47.0.2526.106 Safari/537.36"
::1 - - [Fri, 15 Jan 2016 09:13:31 GMT] "POST /post HTTP/1.1" 302 46 "http://localhost:3000/post" "Mozilla/5.0 (Windows NT 6.1; WOW64) AppleWebKit/537.36 (KHTML, like Gecko) Chrome/47.0.2526.106 Safari/537.36"
::1 - - [Fri, 15 Jan 2016 09:13:42 GMT] "GET / HTTP/1.1" 200 1651 "http://localhost:3000/post" "Mozilla/5.0 (Windows NT 6.1; WOW64) AppleWebKit/537.36 (KHTML, like Gecko) Chrome/47.0.2526.106 Safari/537.36"
::1 - - [Fri, 15 Jan 2016 09:13:42 GMT] "GET /stylesheets/style.css HTTP/1.1" 304 - "http://localhost:3000/" "Mozilla/5.0 (Windows NT 6.1; WOW64) AppleWebKit/537.36 (KHTML, like Gecko) Chrome/47.0.2526.106 Safari/537.36"
::1 - - [Mon, 18 Jan 2016 13:54:36 GMT] "GET / HTTP/1.1" - - "-" "Mozilla/5.0 (Windows NT 6.1; WOW64) AppleWebKit/537.36 (KHTML, like Gecko) Chrome/47.0.2526.106 Safari/537.36"
::1 - - [Mon, 18 Jan 2016 13:54:46 GMT] "GET / HTTP/1.1" 200 1539 "-" "Mozilla/5.0 (Windows NT 6.1; WOW64) AppleWebKit/537.36 (KHTML, like Gecko) Chrome/47.0.2526.106 Safari/537.36"
::1 - - [Mon, 18 Jan 2016 13:54:46 GMT] "GET /stylesheets/style.css HTTP/1.1" 200 2470 "http://localhost:3000/" "Mozilla/5.0 (Windows NT 6.1; WOW64) AppleWebKit/537.36 (KHTML, like Gecko) Chrome/47.0.2526.106 Safari/537.36"
::1 - - [Mon, 18 Jan 2016 13:54:54 GMT] "GET /u/yancey/2016-1-15/%E7%AC%AC%E4%B8%80%E7%AF%87%E6%96%87%E7%AB%A0 HTTP/1.1" 200 1621 "http://localhost:3000/" "Mozilla/5.0 (Windows NT 6.1; WOW64) AppleWebKit/537.36 (KHTML, like Gecko) Chrome/47.0.2526.106 Safari/537.36"
::1 - - [Mon, 18 Jan 2016 13:54:54 GMT] "GET /stylesheets/style.css HTTP/1.1" 304 - "http://localhost:3000/u/yancey/2016-1-15/%E7%AC%AC%E4%B8%80%E7%AF%87%E6%96%87%E7%AB%A0" "Mozilla/5.0 (Windows NT 6.1; WOW64) AppleWebKit/537.36 (KHTML, like Gecko) Chrome/47.0.2526.106 Safari/537.36"
::1 - - [Mon, 18 Jan 2016 13:55:39 GMT] "GET /u/yancey/2016-1-15/login HTTP/1.1" - - "http://localhost:3000/u/yancey/2016-1-15/%E7%AC%AC%E4%B8%80%E7%AF%87%E6%96%87%E7%AB%A0" "Mozilla/5.0 (Windows NT 6.1; WOW64) AppleWebKit/537.36 (KHTML, like Gecko) Chrome/47.0.2526.106 Safari/537.36"
::1 - - [Mon, 18 Jan 2016 13:57:09 GMT] "GET /u/yancey/2016-1-15/login HTTP/1.1" - - "http://localhost:3000/u/yancey/2016-1-15/%E7%AC%AC%E4%B8%80%E7%AF%87%E6%96%87%E7%AB%A0" "Mozilla/5.0 (Windows NT 6.1; WOW64) AppleWebKit/537.36 (KHTML, like Gecko) Chrome/47.0.2526.106 Safari/537.36"
::1 - - [Tue, 19 Jan 2016 10:41:43 GMT] "GET / HTTP/1.1" - - "-" "Mozilla/5.0 (Windows NT 6.1; WOW64) AppleWebKit/537.36 (KHTML, like Gecko) Chrome/47.0.2526.106 Safari/537.36"
::1 - - [Tue, 19 Jan 2016 10:41:52 GMT] "GET / HTTP/1.1" 200 1539 "-" "Mozilla/5.0 (Windows NT 6.1; WOW64) AppleWebKit/537.36 (KHTML, like Gecko) Chrome/47.0.2526.106 Safari/537.36"
::1 - - [Tue, 19 Jan 2016 10:41:52 GMT] "GET /stylesheets/style.css HTTP/1.1" 304 - "http://localhost:3000/" "Mozilla/5.0 (Windows NT 6.1; WOW64) AppleWebKit/537.36 (KHTML, like Gecko) Chrome/47.0.2526.106 Safari/537.36"
::1 - - [Tue, 19 Jan 2016 10:42:10 GMT] "GET /u/yancey/2016-1-15/%E7%AC%AC%E4%B8%80%E7%AF%87%E6%96%87%E7%AB%A0 HTTP/1.1" 200 1621 "http://localhost:3000/" "Mozilla/5.0 (Windows NT 6.1; WOW64) AppleWebKit/537.36 (KHTML, like Gecko) Chrome/47.0.2526.106 Safari/537.36"
::1 - - [Tue, 19 Jan 2016 10:42:10 GMT] "GET /stylesheets/style.css HTTP/1.1" 304 - "http://localhost:3000/u/yancey/2016-1-15/%E7%AC%AC%E4%B8%80%E7%AF%87%E6%96%87%E7%AB%A0" "Mozilla/5.0 (Windows NT 6.1; WOW64) AppleWebKit/537.36 (KHTML, like Gecko) Chrome/47.0.2526.106 Safari/537.36"
::1 - - [Wed, 20 Jan 2016 04:46:07 GMT] "GET / HTTP/1.1" - - "-" "Mozilla/5.0 (Windows NT 6.1; WOW64) AppleWebKit/537.36 (KHTML, like Gecko) Chrome/47.0.2526.106 Safari/537.36"
::1 - - [Wed, 20 Jan 2016 04:46:07 GMT] "GET / HTTP/1.1" 200 1589 "-" "Mozilla/5.0 (Windows NT 6.1; WOW64) AppleWebKit/537.36 (KHTML, like Gecko) Chrome/47.0.2526.106 Safari/537.36"
::1 - - [Wed, 20 Jan 2016 04:46:07 GMT] "GET /stylesheets/style.css HTTP/1.1" 200 2470 "http://localhost:3000/" "Mozilla/5.0 (Windows NT 6.1; WOW64) AppleWebKit/537.36 (KHTML, like Gecko) Chrome/47.0.2526.106 Safari/537.36"
::1 - - [Wed, 20 Jan 2016 04:46:09 GMT] "GET /u/ycs/2016-1-13/%E6%B5%8B%E8%AF%95%E6%96%87%E6%A1%A3 HTTP/1.1" 200 1672 "http://localhost:3000/" "Mozilla/5.0 (Windows NT 6.1; WOW64) AppleWebKit/537.36 (KHTML, like Gecko) Chrome/47.0.2526.106 Safari/537.36"
::1 - - [Wed, 20 Jan 2016 04:46:09 GMT] "GET /stylesheets/style.css HTTP/1.1" 304 - "http://localhost:3000/u/ycs/2016-1-13/%E6%B5%8B%E8%AF%95%E6%96%87%E6%A1%A3" "Mozilla/5.0 (Windows NT 6.1; WOW64) AppleWebKit/537.36 (KHTML, like Gecko) Chrome/47.0.2526.106 Safari/537.36"
::1 - - [Wed, 20 Jan 2016 04:46:43 GMT] "GET /u/ycs/2016-1-13/login HTTP/1.1" - - "http://localhost:3000/u/ycs/2016-1-13/%E6%B5%8B%E8%AF%95%E6%96%87%E6%A1%A3" "Mozilla/5.0 (Windows NT 6.1; WOW64) AppleWebKit/537.36 (KHTML, like Gecko) Chrome/47.0.2526.106 Safari/537.36"
::1 - - [Wed, 20 Jan 2016 04:46:43 GMT] "GET / HTTP/1.1" 500 951 "-" "Mozilla/5.0 (Windows NT 6.1; WOW64) AppleWebKit/537.36 (KHTML, like Gecko) Chrome/47.0.2526.106 Safari/537.36"
::1 - - [Wed, 20 Jan 2016 04:46:49 GMT] "GET / HTTP/1.1" 200 1589 "-" "Mozilla/5.0 (Windows NT 6.1; WOW64) AppleWebKit/537.36 (KHTML, like Gecko) Chrome/47.0.2526.106 Safari/537.36"
::1 - - [Wed, 20 Jan 2016 04:46:49 GMT] "GET /stylesheets/style.css HTTP/1.1" 304 - "http://localhost:3000/" "Mozilla/5.0 (Windows NT 6.1; WOW64) AppleWebKit/537.36 (KHTML, like Gecko) Chrome/47.0.2526.106 Safari/537.36"
::1 - - [Wed, 20 Jan 2016 04:47:03 GMT] "GET /login HTTP/1.1" 200 1205 "http://localhost:3000/" "Mozilla/5.0 (Windows NT 6.1; WOW64) AppleWebKit/537.36 (KHTML, like Gecko) Chrome/47.0.2526.106 Safari/537.36"
::1 - - [Wed, 20 Jan 2016 04:47:03 GMT] "GET /stylesheets/style.css HTTP/1.1" 304 - "http://localhost:3000/login" "Mozilla/5.0 (Windows NT 6.1; WOW64) AppleWebKit/537.36 (KHTML, like Gecko) Chrome/47.0.2526.106 Safari/537.36"
::1 - - [Wed, 20 Jan 2016 04:47:06 GMT] "POST /login HTTP/1.1" 500 880 "http://localhost:3000/login" "Mozilla/5.0 (Windows NT 6.1; WOW64) AppleWebKit/537.36 (KHTML, like Gecko) Chrome/47.0.2526.106 Safari/537.36"
::1 - - [Wed, 20 Jan 2016 04:48:36 GMT] "GET / HTTP/1.1" 304 - "http://localhost:3000/login" "Mozilla/5.0 (Windows NT 6.1; WOW64) AppleWebKit/537.36 (KHTML, like Gecko) Chrome/47.0.2526.106 Safari/537.36"
::1 - - [Wed, 20 Jan 2016 04:48:36 GMT] "GET /stylesheets/style.css HTTP/1.1" 304 - "http://localhost:3000/" "Mozilla/5.0 (Windows NT 6.1; WOW64) AppleWebKit/537.36 (KHTML, like Gecko) Chrome/47.0.2526.106 Safari/537.36"
::1 - - [Wed, 20 Jan 2016 04:48:38 GMT] "GET /login HTTP/1.1" 304 - "http://localhost:3000/" "Mozilla/5.0 (Windows NT 6.1; WOW64) AppleWebKit/537.36 (KHTML, like Gecko) Chrome/47.0.2526.106 Safari/537.36"
::1 - - [Wed, 20 Jan 2016 04:48:38 GMT] "GET /stylesheets/style.css HTTP/1.1" 304 - "http://localhost:3000/login" "Mozilla/5.0 (Windows NT 6.1; WOW64) AppleWebKit/537.36 (KHTML, like Gecko) Chrome/47.0.2526.106 Safari/537.36"
::1 - - [Wed, 20 Jan 2016 04:48:39 GMT] "POST /login HTTP/1.1" 500 880 "http://localhost:3000/login" "Mozilla/5.0 (Windows NT 6.1; WOW64) AppleWebKit/537.36 (KHTML, like Gecko) Chrome/47.0.2526.106 Safari/537.36"
::1 - - [Wed, 20 Jan 2016 04:48:44 GMT] "GET /reg HTTP/1.1" 200 1273 "http://localhost:3000/login" "Mozilla/5.0 (Windows NT 6.1; WOW64) AppleWebKit/537.36 (KHTML, like Gecko) Chrome/47.0.2526.106 Safari/537.36"
::1 - - [Wed, 20 Jan 2016 04:48:44 GMT] "GET /stylesheets/style.css HTTP/1.1" 304 - "http://localhost:3000/reg" "Mozilla/5.0 (Windows NT 6.1; WOW64) AppleWebKit/537.36 (KHTML, like Gecko) Chrome/47.0.2526.106 Safari/537.36"
::1 - - [Wed, 20 Jan 2016 04:49:11 GMT] "POST /reg HTTP/1.1" 302 52 "http://localhost:3000/reg" "Mozilla/5.0 (Windows NT 6.1; WOW64) AppleWebKit/537.36 (KHTML, like Gecko) Chrome/47.0.2526.106 Safari/537.36"
::1 - - [Wed, 20 Jan 2016 04:49:11 GMT] "GET /reg HTTP/1.1" 200 1329 "http://localhost:3000/reg" "Mozilla/5.0 (Windows NT 6.1; WOW64) AppleWebKit/537.36 (KHTML, like Gecko) Chrome/47.0.2526.106 Safari/537.36"
::1 - - [Wed, 20 Jan 2016 04:49:11 GMT] "GET /stylesheets/style.css HTTP/1.1" 304 - "http://localhost:3000/reg" "Mozilla/5.0 (Windows NT 6.1; WOW64) AppleWebKit/537.36 (KHTML, like Gecko) Chrome/47.0.2526.106 Safari/537.36"
::1 - - [Wed, 20 Jan 2016 04:49:27 GMT] "POST /reg HTTP/1.1" 500 879 "http://localhost:3000/reg" "Mozilla/5.0 (Windows NT 6.1; WOW64) AppleWebKit/537.36 (KHTML, like Gecko) Chrome/47.0.2526.106 Safari/537.36"
::1 - - [Wed, 20 Jan 2016 04:50:30 GMT] "GET /login HTTP/1.1" 304 - "http://localhost:3000/reg" "Mozilla/5.0 (Windows NT 6.1; WOW64) AppleWebKit/537.36 (KHTML, like Gecko) Chrome/47.0.2526.106 Safari/537.36"
::1 - - [Wed, 20 Jan 2016 04:50:30 GMT] "GET /stylesheets/style.css HTTP/1.1" 304 - "http://localhost:3000/login" "Mozilla/5.0 (Windows NT 6.1; WOW64) AppleWebKit/537.36 (KHTML, like Gecko) Chrome/47.0.2526.106 Safari/537.36"
::1 - - [Wed, 20 Jan 2016 04:50:31 GMT] "POST /login HTTP/1.1" 302 46 "http://localhost:3000/login" "Mozilla/5.0 (Windows NT 6.1; WOW64) AppleWebKit/537.36 (KHTML, like Gecko) Chrome/47.0.2526.106 Safari/537.36"
::1 - - [Wed, 20 Jan 2016 04:50:31 GMT] "GET / HTTP/1.1" 200 1701 "http://localhost:3000/login" "Mozilla/5.0 (Windows NT 6.1; WOW64) AppleWebKit/537.36 (KHTML, like Gecko) Chrome/47.0.2526.106 Safari/537.36"
::1 - - [Wed, 20 Jan 2016 04:50:31 GMT] "GET /stylesheets/style.css HTTP/1.1" 304 - "http://localhost:3000/" "Mozilla/5.0 (Windows NT 6.1; WOW64) AppleWebKit/537.36 (KHTML, like Gecko) Chrome/47.0.2526.106 Safari/537.36"
::1 - - [Wed, 20 Jan 2016 04:50:35 GMT] "GET /u/ycs/2016-1-13/%E6%B5%8B%E8%AF%95%E6%96%87%E6%A1%A3 HTTP/1.1" 200 1944 "http://localhost:3000/" "Mozilla/5.0 (Windows NT 6.1; WOW64) AppleWebKit/537.36 (KHTML, like Gecko) Chrome/47.0.2526.106 Safari/537.36"
::1 - - [Wed, 20 Jan 2016 04:50:35 GMT] "GET /stylesheets/style.css HTTP/1.1" 304 - "http://localhost:3000/u/ycs/2016-1-13/%E6%B5%8B%E8%AF%95%E6%96%87%E6%A1%A3" "Mozilla/5.0 (Windows NT 6.1; WOW64) AppleWebKit/537.36 (KHTML, like Gecko) Chrome/47.0.2526.106 Safari/537.36"
::1 - - [Wed, 20 Jan 2016 04:50:39 GMT] "POST /u/ycs/2016-1-13/%E6%B5%8B%E8%AF%95%E6%96%87%E6%A1%A3 HTTP/1.1" 302 192 "http://localhost:3000/u/ycs/2016-1-13/%E6%B5%8B%E8%AF%95%E6%96%87%E6%A1%A3" "Mozilla/5.0 (Windows NT 6.1; WOW64) AppleWebKit/537.36 (KHTML, like Gecko) Chrome/47.0.2526.106 Safari/537.36"
::1 - - [Wed, 20 Jan 2016 04:50:39 GMT] "GET /u/ycs/2016-1-13/%E6%B5%8B%E8%AF%95%E6%96%87%E6%A1%A3 HTTP/1.1" 200 2252 "http://localhost:3000/u/ycs/2016-1-13/%E6%B5%8B%E8%AF%95%E6%96%87%E6%A1%A3" "Mozilla/5.0 (Windows NT 6.1; WOW64) AppleWebKit/537.36 (KHTML, like Gecko) Chrome/47.0.2526.106 Safari/537.36"
::1 - - [Wed, 20 Jan 2016 04:50:39 GMT] "GET /stylesheets/style.css HTTP/1.1" 304 - "http://localhost:3000/u/ycs/2016-1-13/%E6%B5%8B%E8%AF%95%E6%96%87%E6%A1%A3" "Mozilla/5.0 (Windows NT 6.1; WOW64) AppleWebKit/537.36 (KHTML, like Gecko) Chrome/47.0.2526.106 Safari/537.36"
::1 - - [Wed, 20 Jan 2016 04:50:41 GMT] "POST /u/ycs/2016-1-13/%E6%B5%8B%E8%AF%95%E6%96%87%E6%A1%A3 HTTP/1.1" 302 192 "http://localhost:3000/u/ycs/2016-1-13/%E6%B5%8B%E8%AF%95%E6%96%87%E6%A1%A3" "Mozilla/5.0 (Windows NT 6.1; WOW64) AppleWebKit/537.36 (KHTML, like Gecko) Chrome/47.0.2526.106 Safari/537.36"
::1 - - [Wed, 20 Jan 2016 04:50:41 GMT] "GET /u/ycs/2016-1-13/%E6%B5%8B%E8%AF%95%E6%96%87%E6%A1%A3 HTTP/1.1" 200 2516 "http://localhost:3000/u/ycs/2016-1-13/%E6%B5%8B%E8%AF%95%E6%96%87%E6%A1%A3" "Mozilla/5.0 (Windows NT 6.1; WOW64) AppleWebKit/537.36 (KHTML, like Gecko) Chrome/47.0.2526.106 Safari/537.36"
::1 - - [Wed, 20 Jan 2016 04:50:41 GMT] "GET /stylesheets/style.css HTTP/1.1" 304 - "http://localhost:3000/u/ycs/2016-1-13/%E6%B5%8B%E8%AF%95%E6%96%87%E6%A1%A3" "Mozilla/5.0 (Windows NT 6.1; WOW64) AppleWebKit/537.36 (KHTML, like Gecko) Chrome/47.0.2526.106 Safari/537.36"
::1 - - [Wed, 20 Jan 2016 04:50:43 GMT] "POST /u/ycs/2016-1-13/%E6%B5%8B%E8%AF%95%E6%96%87%E6%A1%A3 HTTP/1.1" 302 192 "http://localhost:3000/u/ycs/2016-1-13/%E6%B5%8B%E8%AF%95%E6%96%87%E6%A1%A3" "Mozilla/5.0 (Windows NT 6.1; WOW64) AppleWebKit/537.36 (KHTML, like Gecko) Chrome/47.0.2526.106 Safari/537.36"
::1 - - [Wed, 20 Jan 2016 04:50:43 GMT] "GET /u/ycs/2016-1-13/%E6%B5%8B%E8%AF%95%E6%96%87%E6%A1%A3 HTTP/1.1" 200 2778 "http://localhost:3000/u/ycs/2016-1-13/%E6%B5%8B%E8%AF%95%E6%96%87%E6%A1%A3" "Mozilla/5.0 (Windows NT 6.1; WOW64) AppleWebKit/537.36 (KHTML, like Gecko) Chrome/47.0.2526.106 Safari/537.36"
::1 - - [Wed, 20 Jan 2016 04:50:43 GMT] "GET /stylesheets/style.css HTTP/1.1" 304 - "http://localhost:3000/u/ycs/2016-1-13/%E6%B5%8B%E8%AF%95%E6%96%87%E6%A1%A3" "Mozilla/5.0 (Windows NT 6.1; WOW64) AppleWebKit/537.36 (KHTML, like Gecko) Chrome/47.0.2526.106 Safari/537.36"
::1 - - [Wed, 20 Jan 2016 04:50:46 GMT] "GET / HTTP/1.1" 200 1658 "http://localhost:3000/u/ycs/2016-1-13/%E6%B5%8B%E8%AF%95%E6%96%87%E6%A1%A3" "Mozilla/5.0 (Windows NT 6.1; WOW64) AppleWebKit/537.36 (KHTML, like Gecko) Chrome/47.0.2526.106 Safari/537.36"
::1 - - [Wed, 20 Jan 2016 04:50:46 GMT] "GET /stylesheets/style.css HTTP/1.1" 304 - "http://localhost:3000/" "Mozilla/5.0 (Windows NT 6.1; WOW64) AppleWebKit/537.36 (KHTML, like Gecko) Chrome/47.0.2526.106 Safari/537.36"
::1 - - [Wed, 20 Jan 2016 04:50:47 GMT] "GET /u/ycs/2016-1-13/%E6%B5%8B%E8%AF%95%E6%96%87%E6%A1%A3 HTTP/1.1" 200 2734 "http://localhost:3000/" "Mozilla/5.0 (Windows NT 6.1; WOW64) AppleWebKit/537.36 (KHTML, like Gecko) Chrome/47.0.2526.106 Safari/537.36"
::1 - - [Wed, 20 Jan 2016 04:50:47 GMT] "GET /stylesheets/style.css HTTP/1.1" 304 - "http://localhost:3000/u/ycs/2016-1-13/%E6%B5%8B%E8%AF%95%E6%96%87%E6%A1%A3" "Mozilla/5.0 (Windows NT 6.1; WOW64) AppleWebKit/537.36 (KHTML, like Gecko) Chrome/47.0.2526.106 Safari/537.36"
::1 - - [Wed, 20 Jan 2016 04:50:48 GMT] "GET /remove/ycs/2016-1-13/%E6%B5%8B%E8%AF%95%E6%96%87%E6%A1%A3 HTTP/1.1" 302 46 "http://localhost:3000/u/ycs/2016-1-13/%E6%B5%8B%E8%AF%95%E6%96%87%E6%A1%A3" "Mozilla/5.0 (Windows NT 6.1; WOW64) AppleWebKit/537.36 (KHTML, like Gecko) Chrome/47.0.2526.106 Safari/537.36"
::1 - - [Wed, 20 Jan 2016 04:50:48 GMT] "GET / HTTP/1.1" 200 1122 "http://localhost:3000/u/ycs/2016-1-13/%E6%B5%8B%E8%AF%95%E6%96%87%E6%A1%A3" "Mozilla/5.0 (Windows NT 6.1; WOW64) AppleWebKit/537.36 (KHTML, like Gecko) Chrome/47.0.2526.106 Safari/537.36"
::1 - - [Wed, 20 Jan 2016 04:50:48 GMT] "GET /stylesheets/style.css HTTP/1.1" 304 - "http://localhost:3000/" "Mozilla/5.0 (Windows NT 6.1; WOW64) AppleWebKit/537.36 (KHTML, like Gecko) Chrome/47.0.2526.106 Safari/537.36"
::1 - - [Wed, 20 Jan 2016 04:50:49 GMT] "GET / HTTP/1.1" 200 1076 "http://localhost:3000/" "Mozilla/5.0 (Windows NT 6.1; WOW64) AppleWebKit/537.36 (KHTML, like Gecko) Chrome/47.0.2526.106 Safari/537.36"
::1 - - [Wed, 20 Jan 2016 04:50:49 GMT] "GET /stylesheets/style.css HTTP/1.1" 304 - "http://localhost:3000/" "Mozilla/5.0 (Windows NT 6.1; WOW64) AppleWebKit/537.36 (KHTML, like Gecko) Chrome/47.0.2526.106 Safari/537.36"
::1 - - [Wed, 20 Jan 2016 04:50:50 GMT] "GET /archive HTTP/1.1" 200 1082 "http://localhost:3000/" "Mozilla/5.0 (Windows NT 6.1; WOW64) AppleWebKit/537.36 (KHTML, like Gecko) Chrome/47.0.2526.106 Safari/537.36"
::1 - - [Wed, 20 Jan 2016 04:50:50 GMT] "GET /stylesheets/style.css HTTP/1.1" 304 - "http://localhost:3000/archive" "Mozilla/5.0 (Windows NT 6.1; WOW64) AppleWebKit/537.36 (KHTML, like Gecko) Chrome/47.0.2526.106 Safari/537.36"
::1 - - [Wed, 20 Jan 2016 04:50:50 GMT] "GET /tags HTTP/1.1" 200 1043 "http://localhost:3000/archive" "Mozilla/5.0 (Windows NT 6.1; WOW64) AppleWebKit/537.36 (KHTML, like Gecko) Chrome/47.0.2526.106 Safari/537.36"
::1 - - [Wed, 20 Jan 2016 04:50:50 GMT] "GET /stylesheets/style.css HTTP/1.1" 304 - "http://localhost:3000/tags" "Mozilla/5.0 (Windows NT 6.1; WOW64) AppleWebKit/537.36 (KHTML, like Gecko) Chrome/47.0.2526.106 Safari/537.36"
::1 - - [Wed, 20 Jan 2016 04:50:51 GMT] "GET /links HTTP/1.1" 200 1260 "http://localhost:3000/tags" "Mozilla/5.0 (Windows NT 6.1; WOW64) AppleWebKit/537.36 (KHTML, like Gecko) Chrome/47.0.2526.106 Safari/537.36"
::1 - - [Wed, 20 Jan 2016 04:50:51 GMT] "GET /stylesheets/style.css HTTP/1.1" 304 - "http://localhost:3000/links" "Mozilla/5.0 (Windows NT 6.1; WOW64) AppleWebKit/537.36 (KHTML, like Gecko) Chrome/47.0.2526.106 Safari/537.36"
::1 - - [Wed, 20 Jan 2016 04:50:52 GMT] "GET /upload HTTP/1.1" 200 1356 "http://localhost:3000/links" "Mozilla/5.0 (Windows NT 6.1; WOW64) AppleWebKit/537.36 (KHTML, like Gecko) Chrome/47.0.2526.106 Safari/537.36"
::1 - - [Wed, 20 Jan 2016 04:50:52 GMT] "GET /stylesheets/style.css HTTP/1.1" 304 - "http://localhost:3000/upload" "Mozilla/5.0 (Windows NT 6.1; WOW64) AppleWebKit/537.36 (KHTML, like Gecko) Chrome/47.0.2526.106 Safari/537.36"
::1 - - [Wed, 20 Jan 2016 04:50:53 GMT] "GET /post HTTP/1.1" 200 1397 "http://localhost:3000/upload" "Mozilla/5.0 (Windows NT 6.1; WOW64) AppleWebKit/537.36 (KHTML, like Gecko) Chrome/47.0.2526.106 Safari/537.36"
::1 - - [Wed, 20 Jan 2016 04:50:53 GMT] "GET /stylesheets/style.css HTTP/1.1" 304 - "http://localhost:3000/post" "Mozilla/5.0 (Windows NT 6.1; WOW64) AppleWebKit/537.36 (KHTML, like Gecko) Chrome/47.0.2526.106 Safari/537.36"
::1 - - [Wed, 20 Jan 2016 04:50:56 GMT] "GET /post HTTP/1.1" 304 - "http://localhost:3000/post" "Mozilla/5.0 (Windows NT 6.1; WOW64) AppleWebKit/537.36 (KHTML, like Gecko) Chrome/47.0.2526.106 Safari/537.36"
::1 - - [Wed, 20 Jan 2016 04:50:56 GMT] "GET /stylesheets/style.css HTTP/1.1" 304 - "http://localhost:3000/post" "Mozilla/5.0 (Windows NT 6.1; WOW64) AppleWebKit/537.36 (KHTML, like Gecko) Chrome/47.0.2526.106 Safari/537.36"
::1 - - [Wed, 20 Jan 2016 04:50:57 GMT] "GET /upload HTTP/1.1" 304 - "http://localhost:3000/post" "Mozilla/5.0 (Windows NT 6.1; WOW64) AppleWebKit/537.36 (KHTML, like Gecko) Chrome/47.0.2526.106 Safari/537.36"
::1 - - [Wed, 20 Jan 2016 04:50:57 GMT] "GET /stylesheets/style.css HTTP/1.1" 304 - "http://localhost:3000/upload" "Mozilla/5.0 (Windows NT 6.1; WOW64) AppleWebKit/537.36 (KHTML, like Gecko) Chrome/47.0.2526.106 Safari/537.36"
::1 - - [Wed, 20 Jan 2016 04:50:58 GMT] "GET / HTTP/1.1" 304 - "http://localhost:3000/upload" "Mozilla/5.0 (Windows NT 6.1; WOW64) AppleWebKit/537.36 (KHTML, like Gecko) Chrome/47.0.2526.106 Safari/537.36"
::1 - - [Wed, 20 Jan 2016 04:50:58 GMT] "GET /stylesheets/style.css HTTP/1.1" 304 - "http://localhost:3000/" "Mozilla/5.0 (Windows NT 6.1; WOW64) AppleWebKit/537.36 (KHTML, like Gecko) Chrome/47.0.2526.106 Safari/537.36"
::1 - - [Wed, 20 Jan 2016 04:51:00 GMT] "GET /logout HTTP/1.1" 302 46 "http://localhost:3000/" "Mozilla/5.0 (Windows NT 6.1; WOW64) AppleWebKit/537.36 (KHTML, like Gecko) Chrome/47.0.2526.106 Safari/537.36"
::1 - - [Wed, 20 Jan 2016 04:51:00 GMT] "GET / HTTP/1.1" 200 1050 "http://localhost:3000/" "Mozilla/5.0 (Windows NT 6.1; WOW64) AppleWebKit/537.36 (KHTML, like Gecko) Chrome/47.0.2526.106 Safari/537.36"
::1 - - [Wed, 20 Jan 2016 04:51:00 GMT] "GET /stylesheets/style.css HTTP/1.1" 304 - "http://localhost:3000/" "Mozilla/5.0 (Windows NT 6.1; WOW64) AppleWebKit/537.36 (KHTML, like Gecko) Chrome/47.0.2526.106 Safari/537.36"
::1 - - [Thu, 21 Jan 2016 08:28:35 GMT] "GET / HTTP/1.1" 200 3271 "-" "Mozilla/5.0 (Windows NT 6.1; WOW64) AppleWebKit/537.36 (KHTML, like Gecko) Chrome/47.0.2526.106 Safari/537.36"
::1 - - [Thu, 21 Jan 2016 08:28:35 GMT] "GET /stylesheets/style.css HTTP/1.1" 200 2667 "http://localhost:3000/" "Mozilla/5.0 (Windows NT 6.1; WOW64) AppleWebKit/537.36 (KHTML, like Gecko) Chrome/47.0.2526.106 Safari/537.36"
::1 - - [Thu, 21 Jan 2016 08:29:14 GMT] "GET /post HTTP/1.1" 200 1397 "http://localhost:3000/" "Mozilla/5.0 (Windows NT 6.1; WOW64) AppleWebKit/537.36 (KHTML, like Gecko) Chrome/47.0.2526.106 Safari/537.36"
::1 - - [Thu, 21 Jan 2016 08:29:14 GMT] "GET /stylesheets/style.css HTTP/1.1" 304 - "http://localhost:3000/post" "Mozilla/5.0 (Windows NT 6.1; WOW64) AppleWebKit/537.36 (KHTML, like Gecko) Chrome/47.0.2526.106 Safari/537.36"
::1 - - [Thu, 21 Jan 2016 08:29:18 GMT] "GET /post HTTP/1.1" 304 - "http://localhost:3000/post" "Mozilla/5.0 (Windows NT 6.1; WOW64) AppleWebKit/537.36 (KHTML, like Gecko) Chrome/47.0.2526.106 Safari/537.36"
::1 - - [Thu, 21 Jan 2016 08:29:18 GMT] "GET /stylesheets/style.css HTTP/1.1" 304 - "http://localhost:3000/post" "Mozilla/5.0 (Windows NT 6.1; WOW64) AppleWebKit/537.36 (KHTML, like Gecko) Chrome/47.0.2526.106 Safari/537.36"
::1 - - [Thu, 21 Jan 2016 08:29:18 GMT] "GET /upload HTTP/1.1" 200 1356 "http://localhost:3000/post" "Mozilla/5.0 (Windows NT 6.1; WOW64) AppleWebKit/537.36 (KHTML, like Gecko) Chrome/47.0.2526.106 Safari/537.36"
::1 - - [Thu, 21 Jan 2016 08:29:18 GMT] "GET /stylesheets/style.css HTTP/1.1" 304 - "http://localhost:3000/upload" "Mozilla/5.0 (Windows NT 6.1; WOW64) AppleWebKit/537.36 (KHTML, like Gecko) Chrome/47.0.2526.106 Safari/537.36"
::1 - - [Thu, 21 Jan 2016 08:29:19 GMT] "GET /tags HTTP/1.1" 200 1166 "http://localhost:3000/upload" "Mozilla/5.0 (Windows NT 6.1; WOW64) AppleWebKit/537.36 (KHTML, like Gecko) Chrome/47.0.2526.106 Safari/537.36"
::1 - - [Thu, 21 Jan 2016 08:29:19 GMT] "GET /stylesheets/style.css HTTP/1.1" 304 - "http://localhost:3000/tags" "Mozilla/5.0 (Windows NT 6.1; WOW64) AppleWebKit/537.36 (KHTML, like Gecko) Chrome/47.0.2526.106 Safari/537.36"
::1 - - [Thu, 21 Jan 2016 08:29:20 GMT] "GET /archive HTTP/1.1" 200 1556 "http://localhost:3000/tags" "Mozilla/5.0 (Windows NT 6.1; WOW64) AppleWebKit/537.36 (KHTML, like Gecko) Chrome/47.0.2526.106 Safari/537.36"
::1 - - [Thu, 21 Jan 2016 08:29:20 GMT] "GET /stylesheets/style.css HTTP/1.1" 304 - "http://localhost:3000/archive" "Mozilla/5.0 (Windows NT 6.1; WOW64) AppleWebKit/537.36 (KHTML, like Gecko) Chrome/47.0.2526.106 Safari/537.36"
::1 - - [Thu, 21 Jan 2016 08:29:21 GMT] "GET / HTTP/1.1" 304 - "http://localhost:3000/archive" "Mozilla/5.0 (Windows NT 6.1; WOW64) AppleWebKit/537.36 (KHTML, like Gecko) Chrome/47.0.2526.106 Safari/537.36"
::1 - - [Thu, 21 Jan 2016 08:29:21 GMT] "GET /stylesheets/style.css HTTP/1.1" 304 - "http://localhost:3000/" "Mozilla/5.0 (Windows NT 6.1; WOW64) AppleWebKit/537.36 (KHTML, like Gecko) Chrome/47.0.2526.106 Safari/537.36"
::1 - - [Thu, 21 Jan 2016 08:29:22 GMT] "GET /upload HTTP/1.1" 304 - "http://localhost:3000/" "Mozilla/5.0 (Windows NT 6.1; WOW64) AppleWebKit/537.36 (KHTML, like Gecko) Chrome/47.0.2526.106 Safari/537.36"
::1 - - [Thu, 21 Jan 2016 08:29:22 GMT] "GET /stylesheets/style.css HTTP/1.1" 304 - "http://localhost:3000/upload" "Mozilla/5.0 (Windows NT 6.1; WOW64) AppleWebKit/537.36 (KHTML, like Gecko) Chrome/47.0.2526.106 Safari/537.36"
::1 - - [Thu, 21 Jan 2016 08:29:23 GMT] "GET /post HTTP/1.1" 304 - "http://localhost:3000/upload" "Mozilla/5.0 (Windows NT 6.1; WOW64) AppleWebKit/537.36 (KHTML, like Gecko) Chrome/47.0.2526.106 Safari/537.36"
::1 - - [Thu, 21 Jan 2016 08:29:23 GMT] "GET /stylesheets/style.css HTTP/1.1" 304 - "http://localhost:3000/post" "Mozilla/5.0 (Windows NT 6.1; WOW64) AppleWebKit/537.36 (KHTML, like Gecko) Chrome/47.0.2526.106 Safari/537.36"
::1 - - [Thu, 21 Jan 2016 08:29:23 GMT] "GET /upload HTTP/1.1" 304 - "http://localhost:3000/post" "Mozilla/5.0 (Windows NT 6.1; WOW64) AppleWebKit/537.36 (KHTML, like Gecko) Chrome/47.0.2526.106 Safari/537.36"
::1 - - [Thu, 21 Jan 2016 08:29:23 GMT] "GET /stylesheets/style.css HTTP/1.1" 304 - "http://localhost:3000/upload" "Mozilla/5.0 (Windows NT 6.1; WOW64) AppleWebKit/537.36 (KHTML, like Gecko) Chrome/47.0.2526.106 Safari/537.36"
::1 - - [Thu, 21 Jan 2016 08:29:24 GMT] "GET /post HTTP/1.1" 304 - "http://localhost:3000/upload" "Mozilla/5.0 (Windows NT 6.1; WOW64) AppleWebKit/537.36 (KHTML, like Gecko) Chrome/47.0.2526.106 Safari/537.36"
::1 - - [Thu, 21 Jan 2016 08:29:24 GMT] "GET /stylesheets/style.css HTTP/1.1" 304 - "http://localhost:3000/post" "Mozilla/5.0 (Windows NT 6.1; WOW64) AppleWebKit/537.36 (KHTML, like Gecko) Chrome/47.0.2526.106 Safari/537.36"
::1 - - [Thu, 21 Jan 2016 08:29:25 GMT] "GET /links HTTP/1.1" 200 1260 "http://localhost:3000/post" "Mozilla/5.0 (Windows NT 6.1; WOW64) AppleWebKit/537.36 (KHTML, like Gecko) Chrome/47.0.2526.106 Safari/537.36"
::1 - - [Thu, 21 Jan 2016 08:29:25 GMT] "GET /stylesheets/style.css HTTP/1.1" 304 - "http://localhost:3000/links" "Mozilla/5.0 (Windows NT 6.1; WOW64) AppleWebKit/537.36 (KHTML, like Gecko) Chrome/47.0.2526.106 Safari/537.36"
::1 - - [Thu, 21 Jan 2016 08:29:26 GMT] "GET /tags HTTP/1.1" 304 - "http://localhost:3000/links" "Mozilla/5.0 (Windows NT 6.1; WOW64) AppleWebKit/537.36 (KHTML, like Gecko) Chrome/47.0.2526.106 Safari/537.36"
::1 - - [Thu, 21 Jan 2016 08:29:26 GMT] "GET /stylesheets/style.css HTTP/1.1" 304 - "http://localhost:3000/tags" "Mozilla/5.0 (Windows NT 6.1; WOW64) AppleWebKit/537.36 (KHTML, like Gecko) Chrome/47.0.2526.106 Safari/537.36"
::1 - - [Thu, 21 Jan 2016 08:29:27 GMT] "GET /archive HTTP/1.1" 304 - "http://localhost:3000/tags" "Mozilla/5.0 (Windows NT 6.1; WOW64) AppleWebKit/537.36 (KHTML, like Gecko) Chrome/47.0.2526.106 Safari/537.36"
::1 - - [Thu, 21 Jan 2016 08:29:27 GMT] "GET /stylesheets/style.css HTTP/1.1" 304 - "http://localhost:3000/archive" "Mozilla/5.0 (Windows NT 6.1; WOW64) AppleWebKit/537.36 (KHTML, like Gecko) Chrome/47.0.2526.106 Safari/537.36"
::1 - - [Thu, 21 Jan 2016 08:29:27 GMT] "GET / HTTP/1.1" 304 - "http://localhost:3000/archive" "Mozilla/5.0 (Windows NT 6.1; WOW64) AppleWebKit/537.36 (KHTML, like Gecko) Chrome/47.0.2526.106 Safari/537.36"
::1 - - [Thu, 21 Jan 2016 08:29:27 GMT] "GET /stylesheets/style.css HTTP/1.1" 304 - "http://localhost:3000/" "Mozilla/5.0 (Windows NT 6.1; WOW64) AppleWebKit/537.36 (KHTML, like Gecko) Chrome/47.0.2526.106 Safari/537.36"
::1 - - [Thu, 21 Jan 2016 08:29:28 GMT] "GET /post HTTP/1.1" 304 - "http://localhost:3000/" "Mozilla/5.0 (Windows NT 6.1; WOW64) AppleWebKit/537.36 (KHTML, like Gecko) Chrome/47.0.2526.106 Safari/537.36"
::1 - - [Thu, 21 Jan 2016 08:29:28 GMT] "GET /stylesheets/style.css HTTP/1.1" 304 - "http://localhost:3000/post" "Mozilla/5.0 (Windows NT 6.1; WOW64) AppleWebKit/537.36 (KHTML, like Gecko) Chrome/47.0.2526.106 Safari/537.36"
::1 - - [Thu, 21 Jan 2016 08:44:28 GMT] "GET /post HTTP/1.1" 200 1741 "http://localhost:3000/" "Mozilla/5.0 (Windows NT 6.1; WOW64) AppleWebKit/537.36 (KHTML, like Gecko) Chrome/47.0.2526.106 Safari/537.36"
::1 - - [Thu, 21 Jan 2016 08:44:28 GMT] "GET /stylesheets/style.css HTTP/1.1" 304 - "http://localhost:3000/post" "Mozilla/5.0 (Windows NT 6.1; WOW64) AppleWebKit/537.36 (KHTML, like Gecko) Chrome/47.0.2526.106 Safari/537.36"
::1 - - [Thu, 21 Jan 2016 08:44:28 GMT] "GET /KindEditor/lang/zh_CN.js HTTP/1.1" 200 8488 "http://localhost:3000/post" "Mozilla/5.0 (Windows NT 6.1; WOW64) AppleWebKit/537.36 (KHTML, like Gecko) Chrome/47.0.2526.106 Safari/537.36"
::1 - - [Thu, 21 Jan 2016 08:44:28 GMT] "GET /KindEditor/kindeditor-min.js HTTP/1.1" 200 94446 "http://localhost:3000/post" "Mozilla/5.0 (Windows NT 6.1; WOW64) AppleWebKit/537.36 (KHTML, like Gecko) Chrome/47.0.2526.106 Safari/537.36"
::1 - - [Thu, 21 Jan 2016 08:44:28 GMT] "GET /KindEditor/themes/default/default.css HTTP/1.1" 200 21967 "http://localhost:3000/post" "Mozilla/5.0 (Windows NT 6.1; WOW64) AppleWebKit/537.36 (KHTML, like Gecko) Chrome/47.0.2526.106 Safari/537.36"
::1 - - [Thu, 21 Jan 2016 08:44:28 GMT] "GET /KindEditor/themes/default/default.png HTTP/1.1" 200 8299 "http://localhost:3000/KindEditor/themes/default/default.css" "Mozilla/5.0 (Windows NT 6.1; WOW64) AppleWebKit/537.36 (KHTML, like Gecko) Chrome/47.0.2526.106 Safari/537.36"
::1 - - [Thu, 21 Jan 2016 09:19:11 GMT] "GET /post HTTP/1.1" 304 - "http://localhost:3000/" "Mozilla/5.0 (Windows NT 6.1; WOW64) AppleWebKit/537.36 (KHTML, like Gecko) Chrome/47.0.2526.106 Safari/537.36"
::1 - - [Thu, 21 Jan 2016 09:19:11 GMT] "GET /stylesheets/style.css HTTP/1.1" 304 - "http://localhost:3000/post" "Mozilla/5.0 (Windows NT 6.1; WOW64) AppleWebKit/537.36 (KHTML, like Gecko) Chrome/47.0.2526.106 Safari/537.36"
::1 - - [Thu, 21 Jan 2016 09:19:11 GMT] "GET /KindEditor/kindeditor-min.js HTTP/1.1" 304 - "http://localhost:3000/post" "Mozilla/5.0 (Windows NT 6.1; WOW64) AppleWebKit/537.36 (KHTML, like Gecko) Chrome/47.0.2526.106 Safari/537.36"
::1 - - [Thu, 21 Jan 2016 09:19:11 GMT] "GET /KindEditor/lang/zh_CN.js HTTP/1.1" 304 - "http://localhost:3000/post" "Mozilla/5.0 (Windows NT 6.1; WOW64) AppleWebKit/537.36 (KHTML, like Gecko) Chrome/47.0.2526.106 Safari/537.36"
::1 - - [Thu, 21 Jan 2016 09:19:11 GMT] "GET /KindEditor/themes/default/default.css HTTP/1.1" 304 - "http://localhost:3000/post" "Mozilla/5.0 (Windows NT 6.1; WOW64) AppleWebKit/537.36 (KHTML, like Gecko) Chrome/47.0.2526.106 Safari/537.36"
::1 - - [Thu, 21 Jan 2016 09:19:12 GMT] "GET / HTTP/1.1" 200 3571 "http://localhost:3000/post" "Mozilla/5.0 (Windows NT 6.1; WOW64) AppleWebKit/537.36 (KHTML, like Gecko) Chrome/47.0.2526.106 Safari/537.36"
::1 - - [Thu, 21 Jan 2016 09:19:12 GMT] "GET /stylesheets/style.css HTTP/1.1" 304 - "http://localhost:3000/" "Mozilla/5.0 (Windows NT 6.1; WOW64) AppleWebKit/537.36 (KHTML, like Gecko) Chrome/47.0.2526.106 Safari/537.36"
::1 - - [Thu, 21 Jan 2016 09:19:12 GMT] "GET /KindEditor/kindeditor-min.js HTTP/1.1" 304 - "http://localhost:3000/" "Mozilla/5.0 (Windows NT 6.1; WOW64) AppleWebKit/537.36 (KHTML, like Gecko) Chrome/47.0.2526.106 Safari/537.36"
::1 - - [Thu, 21 Jan 2016 09:19:12 GMT] "GET /KindEditor/lang/zh_CN.js HTTP/1.1" 304 - "http://localhost:3000/" "Mozilla/5.0 (Windows NT 6.1; WOW64) AppleWebKit/537.36 (KHTML, like Gecko) Chrome/47.0.2526.106 Safari/537.36"
::1 - - [Thu, 21 Jan 2016 09:19:12 GMT] "GET /KindEditor/themes/default/default.css HTTP/1.1" 304 - "http://localhost:3000/" "Mozilla/5.0 (Windows NT 6.1; WOW64) AppleWebKit/537.36 (KHTML, like Gecko) Chrome/47.0.2526.106 Safari/537.36"
::1 - - [Thu, 21 Jan 2016 09:19:13 GMT] "GET /u/ycs/2016-1-21/[%E8%BD%AC%E8%BD%BD]xxx HTTP/1.1" 200 2756 "http://localhost:3000/" "Mozilla/5.0 (Windows NT 6.1; WOW64) AppleWebKit/537.36 (KHTML, like Gecko) Chrome/47.0.2526.106 Safari/537.36"
::1 - - [Thu, 21 Jan 2016 09:19:13 GMT] "GET /stylesheets/style.css HTTP/1.1" 304 - "http://localhost:3000/u/ycs/2016-1-21/[%E8%BD%AC%E8%BD%BD]xxx" "Mozilla/5.0 (Windows NT 6.1; WOW64) AppleWebKit/537.36 (KHTML, like Gecko) Chrome/47.0.2526.106 Safari/537.36"
::1 - - [Thu, 21 Jan 2016 09:19:13 GMT] "GET /KindEditor/kindeditor-min.js HTTP/1.1" 304 - "http://localhost:3000/u/ycs/2016-1-21/[%E8%BD%AC%E8%BD%BD]xxx" "Mozilla/5.0 (Windows NT 6.1; WOW64) AppleWebKit/537.36 (KHTML, like Gecko) Chrome/47.0.2526.106 Safari/537.36"
::1 - - [Thu, 21 Jan 2016 09:19:13 GMT] "GET /KindEditor/lang/zh_CN.js HTTP/1.1" 304 - "http://localhost:3000/u/ycs/2016-1-21/[%E8%BD%AC%E8%BD%BD]xxx" "Mozilla/5.0 (Windows NT 6.1; WOW64) AppleWebKit/537.36 (KHTML, like Gecko) Chrome/47.0.2526.106 Safari/537.36"
::1 - - [Thu, 21 Jan 2016 09:19:13 GMT] "GET /KindEditor/themes/default/default.css HTTP/1.1" 304 - "http://localhost:3000/u/ycs/2016-1-21/[%E8%BD%AC%E8%BD%BD]xxx" "Mozilla/5.0 (Windows NT 6.1; WOW64) AppleWebKit/537.36 (KHTML, like Gecko) Chrome/47.0.2526.106 Safari/537.36"
::1 - - [Thu, 21 Jan 2016 09:20:11 GMT] "GET / HTTP/1.1" 200 3571 "http://localhost:3000/u/ycs/2016-1-21/[%E8%BD%AC%E8%BD%BD]xxx" "Mozilla/5.0 (Windows NT 6.1; WOW64) AppleWebKit/537.36 (KHTML, like Gecko) Chrome/47.0.2526.106 Safari/537.36"
::1 - - [Thu, 21 Jan 2016 09:20:11 GMT] "GET /stylesheets/style.css HTTP/1.1" 304 - "http://localhost:3000/" "Mozilla/5.0 (Windows NT 6.1; WOW64) AppleWebKit/537.36 (KHTML, like Gecko) Chrome/47.0.2526.106 Safari/537.36"
::1 - - [Thu, 21 Jan 2016 09:20:11 GMT] "GET /KindEditor/kindeditor-min.js HTTP/1.1" 304 - "http://localhost:3000/" "Mozilla/5.0 (Windows NT 6.1; WOW64) AppleWebKit/537.36 (KHTML, like Gecko) Chrome/47.0.2526.106 Safari/537.36"
::1 - - [Thu, 21 Jan 2016 09:20:11 GMT] "GET /KindEditor/lang/zh_CN.js HTTP/1.1" 304 - "http://localhost:3000/" "Mozilla/5.0 (Windows NT 6.1; WOW64) AppleWebKit/537.36 (KHTML, like Gecko) Chrome/47.0.2526.106 Safari/537.36"
::1 - - [Thu, 21 Jan 2016 09:20:11 GMT] "GET /KindEditor/themes/default/default.css HTTP/1.1" 304 - "http://localhost:3000/" "Mozilla/5.0 (Windows NT 6.1; WOW64) AppleWebKit/537.36 (KHTML, like Gecko) Chrome/47.0.2526.106 Safari/537.36"
::1 - - [Thu, 21 Jan 2016 09:20:13 GMT] "GET /u/xkm/2016-1-21/[%E8%BD%AC%E8%BD%BD]111 HTTP/1.1" 200 2620 "http://localhost:3000/" "Mozilla/5.0 (Windows NT 6.1; WOW64) AppleWebKit/537.36 (KHTML, like Gecko) Chrome/47.0.2526.106 Safari/537.36"
::1 - - [Thu, 21 Jan 2016 09:20:13 GMT] "GET /stylesheets/style.css HTTP/1.1" 304 - "http://localhost:3000/u/xkm/2016-1-21/[%E8%BD%AC%E8%BD%BD]111" "Mozilla/5.0 (Windows NT 6.1; WOW64) AppleWebKit/537.36 (KHTML, like Gecko) Chrome/47.0.2526.106 Safari/537.36"
::1 - - [Thu, 21 Jan 2016 09:20:13 GMT] "GET /KindEditor/kindeditor-min.js HTTP/1.1" 304 - "http://localhost:3000/u/xkm/2016-1-21/[%E8%BD%AC%E8%BD%BD]111" "Mozilla/5.0 (Windows NT 6.1; WOW64) AppleWebKit/537.36 (KHTML, like Gecko) Chrome/47.0.2526.106 Safari/537.36"
::1 - - [Thu, 21 Jan 2016 09:20:13 GMT] "GET /KindEditor/lang/zh_CN.js HTTP/1.1" 304 - "http://localhost:3000/u/xkm/2016-1-21/[%E8%BD%AC%E8%BD%BD]111" "Mozilla/5.0 (Windows NT 6.1; WOW64) AppleWebKit/537.36 (KHTML, like Gecko) Chrome/47.0.2526.106 Safari/537.36"
::1 - - [Thu, 21 Jan 2016 09:20:13 GMT] "GET /KindEditor/themes/default/default.css HTTP/1.1" 304 - "http://localhost:3000/u/xkm/2016-1-21/[%E8%BD%AC%E8%BD%BD]111" "Mozilla/5.0 (Windows NT 6.1; WOW64) AppleWebKit/537.36 (KHTML, like Gecko) Chrome/47.0.2526.106 Safari/537.36"
::1 - - [Thu, 21 Jan 2016 09:21:55 GMT] "GET /u/xkm/2016-1-21/[%E8%BD%AC%E8%BD%BD]111 HTTP/1.1" 200 2700 "http://localhost:3000/" "Mozilla/5.0 (Windows NT 6.1; WOW64) AppleWebKit/537.36 (KHTML, like Gecko) Chrome/47.0.2526.106 Safari/537.36"
::1 - - [Thu, 21 Jan 2016 09:21:55 GMT] "GET /stylesheets/style.css HTTP/1.1" 304 - "http://localhost:3000/u/xkm/2016-1-21/[%E8%BD%AC%E8%BD%BD]111" "Mozilla/5.0 (Windows NT 6.1; WOW64) AppleWebKit/537.36 (KHTML, like Gecko) Chrome/47.0.2526.106 Safari/537.36"
::1 - - [Thu, 21 Jan 2016 09:21:55 GMT] "GET /KindEditor/lang/zh_CN.js HTTP/1.1" 304 - "http://localhost:3000/u/xkm/2016-1-21/[%E8%BD%AC%E8%BD%BD]111" "Mozilla/5.0 (Windows NT 6.1; WOW64) AppleWebKit/537.36 (KHTML, like Gecko) Chrome/47.0.2526.106 Safari/537.36"
::1 - - [Thu, 21 Jan 2016 09:21:55 GMT] "GET /KindEditor/kindeditor-min.js HTTP/1.1" 304 - "http://localhost:3000/u/xkm/2016-1-21/[%E8%BD%AC%E8%BD%BD]111" "Mozilla/5.0 (Windows NT 6.1; WOW64) AppleWebKit/537.36 (KHTML, like Gecko) Chrome/47.0.2526.106 Safari/537.36"
::1 - - [Thu, 21 Jan 2016 09:21:55 GMT] "GET /KindEditor/themes/default/default.css HTTP/1.1" 304 - "http://localhost:3000/u/xkm/2016-1-21/[%E8%BD%AC%E8%BD%BD]111" "Mozilla/5.0 (Windows NT 6.1; WOW64) AppleWebKit/537.36 (KHTML, like Gecko) Chrome/47.0.2526.106 Safari/537.36"
::1 - - [Thu, 21 Jan 2016 09:33:30 GMT] "GET /archive HTTP/1.1" 200 1964 "http://localhost:3000/u/xkm/2016-1-21/[%E8%BD%AC%E8%BD%BD]111" "Mozilla/5.0 (Windows NT 6.1; WOW64) AppleWebKit/537.36 (KHTML, like Gecko) Chrome/47.0.2526.106 Safari/537.36"
::1 - - [Thu, 21 Jan 2016 09:33:30 GMT] "GET /stylesheets/style.css HTTP/1.1" 304 - "http://localhost:3000/archive" "Mozilla/5.0 (Windows NT 6.1; WOW64) AppleWebKit/537.36 (KHTML, like Gecko) Chrome/47.0.2526.106 Safari/537.36"
::1 - - [Thu, 21 Jan 2016 09:33:31 GMT] "GET /KindEditor/kindeditor-min.js HTTP/1.1" 304 - "http://localhost:3000/archive" "Mozilla/5.0 (Windows NT 6.1; WOW64) AppleWebKit/537.36 (KHTML, like Gecko) Chrome/47.0.2526.106 Safari/537.36"
::1 - - [Thu, 21 Jan 2016 09:33:31 GMT] "GET /KindEditor/lang/zh_CN.js HTTP/1.1" 304 - "http://localhost:3000/archive" "Mozilla/5.0 (Windows NT 6.1; WOW64) AppleWebKit/537.36 (KHTML, like Gecko) Chrome/47.0.2526.106 Safari/537.36"
::1 - - [Thu, 21 Jan 2016 09:33:31 GMT] "GET /KindEditor/themes/default/default.css HTTP/1.1" 304 - "http://localhost:3000/archive" "Mozilla/5.0 (Windows NT 6.1; WOW64) AppleWebKit/537.36 (KHTML, like Gecko) Chrome/47.0.2526.106 Safari/537.36"
::1 - - [Thu, 21 Jan 2016 09:33:32 GMT] "GET /u/ycs/2016-1-21/[%E8%BD%AC%E8%BD%BD]xxx HTTP/1.1" 200 2836 "http://localhost:3000/archive" "Mozilla/5.0 (Windows NT 6.1; WOW64) AppleWebKit/537.36 (KHTML, like Gecko) Chrome/47.0.2526.106 Safari/537.36"
::1 - - [Thu, 21 Jan 2016 09:33:32 GMT] "GET /stylesheets/style.css HTTP/1.1" 304 - "http://localhost:3000/u/ycs/2016-1-21/[%E8%BD%AC%E8%BD%BD]xxx" "Mozilla/5.0 (Windows NT 6.1; WOW64) AppleWebKit/537.36 (KHTML, like Gecko) Chrome/47.0.2526.106 Safari/537.36"
::1 - - [Thu, 21 Jan 2016 09:33:32 GMT] "GET /KindEditor/kindeditor-min.js HTTP/1.1" 304 - "http://localhost:3000/u/ycs/2016-1-21/[%E8%BD%AC%E8%BD%BD]xxx" "Mozilla/5.0 (Windows NT 6.1; WOW64) AppleWebKit/537.36 (KHTML, like Gecko) Chrome/47.0.2526.106 Safari/537.36"
::1 - - [Thu, 21 Jan 2016 09:33:32 GMT] "GET /KindEditor/lang/zh_CN.js HTTP/1.1" 304 - "http://localhost:3000/u/ycs/2016-1-21/[%E8%BD%AC%E8%BD%BD]xxx" "Mozilla/5.0 (Windows NT 6.1; WOW64) AppleWebKit/537.36 (KHTML, like Gecko) Chrome/47.0.2526.106 Safari/537.36"
::1 - - [Thu, 21 Jan 2016 09:33:32 GMT] "GET /KindEditor/themes/default/default.css HTTP/1.1" 304 - "http://localhost:3000/u/ycs/2016-1-21/[%E8%BD%AC%E8%BD%BD]xxx" "Mozilla/5.0 (Windows NT 6.1; WOW64) AppleWebKit/537.36 (KHTML, like Gecko) Chrome/47.0.2526.106 Safari/537.36"
::1 - - [Thu, 21 Jan 2016 09:42:15 GMT] "GET /u/ycs/2016-1-21/[%E8%BD%AC%E8%BD%BD]xxx HTTP/1.1" 200 2836 "http://localhost:3000/archive" "Mozilla/5.0 (Windows NT 6.1; WOW64) AppleWebKit/537.36 (KHTML, like Gecko) Chrome/47.0.2526.106 Safari/537.36"
::1 - - [Thu, 21 Jan 2016 09:42:15 GMT] "GET /stylesheets/style.css HTTP/1.1" 304 - "http://localhost:3000/u/ycs/2016-1-21/[%E8%BD%AC%E8%BD%BD]xxx" "Mozilla/5.0 (Windows NT 6.1; WOW64) AppleWebKit/537.36 (KHTML, like Gecko) Chrome/47.0.2526.106 Safari/537.36"
::1 - - [Thu, 21 Jan 2016 09:42:15 GMT] "GET /KindEditor/kindeditor-min.js HTTP/1.1" 304 - "http://localhost:3000/u/ycs/2016-1-21/[%E8%BD%AC%E8%BD%BD]xxx" "Mozilla/5.0 (Windows NT 6.1; WOW64) AppleWebKit/537.36 (KHTML, like Gecko) Chrome/47.0.2526.106 Safari/537.36"
::1 - - [Thu, 21 Jan 2016 09:42:15 GMT] "GET /KindEditor/lang/zh_CN.js HTTP/1.1" 304 - "http://localhost:3000/u/ycs/2016-1-21/[%E8%BD%AC%E8%BD%BD]xxx" "Mozilla/5.0 (Windows NT 6.1; WOW64) AppleWebKit/537.36 (KHTML, like Gecko) Chrome/47.0.2526.106 Safari/537.36"
::1 - - [Thu, 21 Jan 2016 09:42:15 GMT] "GET /KindEditor/themes/default/default.css HTTP/1.1" 304 - "http://localhost:3000/u/ycs/2016-1-21/[%E8%BD%AC%E8%BD%BD]xxx" "Mozilla/5.0 (Windows NT 6.1; WOW64) AppleWebKit/537.36 (KHTML, like Gecko) Chrome/47.0.2526.106 Safari/537.36"
::1 - - [Thu, 21 Jan 2016 09:44:34 GMT] "GET /u/ycs/2016-1-21/[%E8%BD%AC%E8%BD%BD]xxx HTTP/1.1" 200 2823 "http://localhost:3000/archive" "Mozilla/5.0 (Windows NT 6.1; WOW64) AppleWebKit/537.36 (KHTML, like Gecko) Chrome/47.0.2526.106 Safari/537.36"
::1 - - [Thu, 21 Jan 2016 09:44:34 GMT] "GET /stylesheets/style.css HTTP/1.1" 304 - "http://localhost:3000/u/ycs/2016-1-21/[%E8%BD%AC%E8%BD%BD]xxx" "Mozilla/5.0 (Windows NT 6.1; WOW64) AppleWebKit/537.36 (KHTML, like Gecko) Chrome/47.0.2526.106 Safari/537.36"
::1 - - [Thu, 21 Jan 2016 09:44:34 GMT] "GET /KindEditor/kindeditor-min.js HTTP/1.1" 304 - "http://localhost:3000/u/ycs/2016-1-21/[%E8%BD%AC%E8%BD%BD]xxx" "Mozilla/5.0 (Windows NT 6.1; WOW64) AppleWebKit/537.36 (KHTML, like Gecko) Chrome/47.0.2526.106 Safari/537.36"
::1 - - [Thu, 21 Jan 2016 09:44:34 GMT] "GET /KindEditor/lang/zh_CN.js HTTP/1.1" 304 - "http://localhost:3000/u/ycs/2016-1-21/[%E8%BD%AC%E8%BD%BD]xxx" "Mozilla/5.0 (Windows NT 6.1; WOW64) AppleWebKit/537.36 (KHTML, like Gecko) Chrome/47.0.2526.106 Safari/537.36"
::1 - - [Thu, 21 Jan 2016 09:44:34 GMT] "GET /KindEditor/themes/default/default.css HTTP/1.1" 304 - "http://localhost:3000/u/ycs/2016-1-21/[%E8%BD%AC%E8%BD%BD]xxx" "Mozilla/5.0 (Windows NT 6.1; WOW64) AppleWebKit/537.36 (KHTML, like Gecko) Chrome/47.0.2526.106 Safari/537.36"
::1 - - [Thu, 21 Jan 2016 09:44:51 GMT] "GET / HTTP/1.1" 200 3579 "http://localhost:3000/u/ycs/2016-1-21/[%E8%BD%AC%E8%BD%BD]xxx" "Mozilla/5.0 (Windows NT 6.1; WOW64) AppleWebKit/537.36 (KHTML, like Gecko) Chrome/47.0.2526.106 Safari/537.36"
::1 - - [Thu, 21 Jan 2016 09:44:51 GMT] "GET /stylesheets/style.css HTTP/1.1" 304 - "http://localhost:3000/" "Mozilla/5.0 (Windows NT 6.1; WOW64) AppleWebKit/537.36 (KHTML, like Gecko) Chrome/47.0.2526.106 Safari/537.36"
::1 - - [Thu, 21 Jan 2016 09:44:51 GMT] "GET /KindEditor/kindeditor-min.js HTTP/1.1" 304 - "http://localhost:3000/" "Mozilla/5.0 (Windows NT 6.1; WOW64) AppleWebKit/537.36 (KHTML, like Gecko) Chrome/47.0.2526.106 Safari/537.36"
::1 - - [Thu, 21 Jan 2016 09:44:51 GMT] "GET /KindEditor/lang/zh_CN.js HTTP/1.1" 304 - "http://localhost:3000/" "Mozilla/5.0 (Windows NT 6.1; WOW64) AppleWebKit/537.36 (KHTML, like Gecko) Chrome/47.0.2526.106 Safari/537.36"
::1 - - [Thu, 21 Jan 2016 09:44:51 GMT] "GET /KindEditor/themes/default/default.css HTTP/1.1" 304 - "http://localhost:3000/" "Mozilla/5.0 (Windows NT 6.1; WOW64) AppleWebKit/537.36 (KHTML, like Gecko) Chrome/47.0.2526.106 Safari/537.36"
::1 - - [Thu, 21 Jan 2016 09:44:52 GMT] "GET /u/ycs/2016-1-21/[%E8%BD%AC%E8%BD%BD]xxx HTTP/1.1" 200 2823 "http://localhost:3000/" "Mozilla/5.0 (Windows NT 6.1; WOW64) AppleWebKit/537.36 (KHTML, like Gecko) Chrome/47.0.2526.106 Safari/537.36"
::1 - - [Thu, 21 Jan 2016 09:44:52 GMT] "GET /stylesheets/style.css HTTP/1.1" 304 - "http://localhost:3000/u/ycs/2016-1-21/[%E8%BD%AC%E8%BD%BD]xxx" "Mozilla/5.0 (Windows NT 6.1; WOW64) AppleWebKit/537.36 (KHTML, like Gecko) Chrome/47.0.2526.106 Safari/537.36"
::1 - - [Thu, 21 Jan 2016 09:44:52 GMT] "GET /KindEditor/kindeditor-min.js HTTP/1.1" 304 - "http://localhost:3000/u/ycs/2016-1-21/[%E8%BD%AC%E8%BD%BD]xxx" "Mozilla/5.0 (Windows NT 6.1; WOW64) AppleWebKit/537.36 (KHTML, like Gecko) Chrome/47.0.2526.106 Safari/537.36"
::1 - - [Thu, 21 Jan 2016 09:44:52 GMT] "GET /KindEditor/lang/zh_CN.js HTTP/1.1" 304 - "http://localhost:3000/u/ycs/2016-1-21/[%E8%BD%AC%E8%BD%BD]xxx" "Mozilla/5.0 (Windows NT 6.1; WOW64) AppleWebKit/537.36 (KHTML, like Gecko) Chrome/47.0.2526.106 Safari/537.36"
::1 - - [Thu, 21 Jan 2016 09:44:52 GMT] "GET /KindEditor/themes/default/default.css HTTP/1.1" 304 - "http://localhost:3000/u/ycs/2016-1-21/[%E8%BD%AC%E8%BD%BD]xxx" "Mozilla/5.0 (Windows NT 6.1; WOW64) AppleWebKit/537.36 (KHTML, like Gecko) Chrome/47.0.2526.106 Safari/537.36"
::1 - - [Thu, 21 Jan 2016 09:44:53 GMT] "GET /remove/ycs/2016-1-21/[%E8%BD%AC%E8%BD%BD]xxx HTTP/1.1" 302 46 "http://localhost:3000/u/ycs/2016-1-21/[%E8%BD%AC%E8%BD%BD]xxx" "Mozilla/5.0 (Windows NT 6.1; WOW64) AppleWebKit/537.36 (KHTML, like Gecko) Chrome/47.0.2526.106 Safari/537.36"
::1 - - [Thu, 21 Jan 2016 09:44:53 GMT] "GET / HTTP/1.1" 200 3063 "http://localhost:3000/u/ycs/2016-1-21/[%E8%BD%AC%E8%BD%BD]xxx" "Mozilla/5.0 (Windows NT 6.1; WOW64) AppleWebKit/537.36 (KHTML, like Gecko) Chrome/47.0.2526.106 Safari/537.36"
::1 - - [Thu, 21 Jan 2016 09:44:53 GMT] "GET /stylesheets/style.css HTTP/1.1" 304 - "http://localhost:3000/" "Mozilla/5.0 (Windows NT 6.1; WOW64) AppleWebKit/537.36 (KHTML, like Gecko) Chrome/47.0.2526.106 Safari/537.36"
::1 - - [Thu, 21 Jan 2016 09:44:53 GMT] "GET /KindEditor/kindeditor-min.js HTTP/1.1" 304 - "http://localhost:3000/" "Mozilla/5.0 (Windows NT 6.1; WOW64) AppleWebKit/537.36 (KHTML, like Gecko) Chrome/47.0.2526.106 Safari/537.36"
::1 - - [Thu, 21 Jan 2016 09:44:53 GMT] "GET /KindEditor/lang/zh_CN.js HTTP/1.1" 304 - "http://localhost:3000/" "Mozilla/5.0 (Windows NT 6.1; WOW64) AppleWebKit/537.36 (KHTML, like Gecko) Chrome/47.0.2526.106 Safari/537.36"
::1 - - [Thu, 21 Jan 2016 09:44:53 GMT] "GET /KindEditor/themes/default/default.css HTTP/1.1" 304 - "http://localhost:3000/" "Mozilla/5.0 (Windows NT 6.1; WOW64) AppleWebKit/537.36 (KHTML, like Gecko) Chrome/47.0.2526.106 Safari/537.36"
::1 - - [Thu, 21 Jan 2016 09:44:56 GMT] "GET /u/xkm/2016-1-21/[%E8%BD%AC%E8%BD%BD]111 HTTP/1.1" 200 2687 "http://localhost:3000/" "Mozilla/5.0 (Windows NT 6.1; WOW64) AppleWebKit/537.36 (KHTML, like Gecko) Chrome/47.0.2526.106 Safari/537.36"
::1 - - [Thu, 21 Jan 2016 09:44:56 GMT] "GET /stylesheets/style.css HTTP/1.1" 304 - "http://localhost:3000/u/xkm/2016-1-21/[%E8%BD%AC%E8%BD%BD]111" "Mozilla/5.0 (Windows NT 6.1; WOW64) AppleWebKit/537.36 (KHTML, like Gecko) Chrome/47.0.2526.106 Safari/537.36"
::1 - - [Thu, 21 Jan 2016 09:44:56 GMT] "GET /KindEditor/kindeditor-min.js HTTP/1.1" 304 - "http://localhost:3000/u/xkm/2016-1-21/[%E8%BD%AC%E8%BD%BD]111" "Mozilla/5.0 (Windows NT 6.1; WOW64) AppleWebKit/537.36 (KHTML, like Gecko) Chrome/47.0.2526.106 Safari/537.36"
::1 - - [Thu, 21 Jan 2016 09:44:56 GMT] "GET /KindEditor/lang/zh_CN.js HTTP/1.1" 304 - "http://localhost:3000/u/xkm/2016-1-21/[%E8%BD%AC%E8%BD%BD]111" "Mozilla/5.0 (Windows NT 6.1; WOW64) AppleWebKit/537.36 (KHTML, like Gecko) Chrome/47.0.2526.106 Safari/537.36"
::1 - - [Thu, 21 Jan 2016 09:44:56 GMT] "GET /KindEditor/themes/default/default.css HTTP/1.1" 304 - "http://localhost:3000/u/xkm/2016-1-21/[%E8%BD%AC%E8%BD%BD]111" "Mozilla/5.0 (Windows NT 6.1; WOW64) AppleWebKit/537.36 (KHTML, like Gecko) Chrome/47.0.2526.106 Safari/537.36"
::1 - - [Thu, 21 Jan 2016 09:45:02 GMT] "GET / HTTP/1.1" 200 3017 "http://localhost:3000/u/xkm/2016-1-21/[%E8%BD%AC%E8%BD%BD]111" "Mozilla/5.0 (Windows NT 6.1; WOW64) AppleWebKit/537.36 (KHTML, like Gecko) Chrome/47.0.2526.106 Safari/537.36"
::1 - - [Thu, 21 Jan 2016 09:45:02 GMT] "GET /stylesheets/style.css HTTP/1.1" 304 - "http://localhost:3000/" "Mozilla/5.0 (Windows NT 6.1; WOW64) AppleWebKit/537.36 (KHTML, like Gecko) Chrome/47.0.2526.106 Safari/537.36"
::1 - - [Thu, 21 Jan 2016 09:45:02 GMT] "GET /KindEditor/kindeditor-min.js HTTP/1.1" 304 - "http://localhost:3000/" "Mozilla/5.0 (Windows NT 6.1; WOW64) AppleWebKit/537.36 (KHTML, like Gecko) Chrome/47.0.2526.106 Safari/537.36"
::1 - - [Thu, 21 Jan 2016 09:45:02 GMT] "GET /KindEditor/lang/zh_CN.js HTTP/1.1" 304 - "http://localhost:3000/" "Mozilla/5.0 (Windows NT 6.1; WOW64) AppleWebKit/537.36 (KHTML, like Gecko) Chrome/47.0.2526.106 Safari/537.36"
::1 - - [Thu, 21 Jan 2016 09:45:02 GMT] "GET /KindEditor/themes/default/default.css HTTP/1.1" 304 - "http://localhost:3000/" "Mozilla/5.0 (Windows NT 6.1; WOW64) AppleWebKit/537.36 (KHTML, like Gecko) Chrome/47.0.2526.106 Safari/537.36"
::1 - - [Thu, 21 Jan 2016 09:45:03 GMT] "GET /u/xkm/2016-1-21/xxx HTTP/1.1" 200 2708 "http://localhost:3000/" "Mozilla/5.0 (Windows NT 6.1; WOW64) AppleWebKit/537.36 (KHTML, like Gecko) Chrome/47.0.2526.106 Safari/537.36"
::1 - - [Thu, 21 Jan 2016 09:45:03 GMT] "GET /stylesheets/style.css HTTP/1.1" 304 - "http://localhost:3000/u/xkm/2016-1-21/xxx" "Mozilla/5.0 (Windows NT 6.1; WOW64) AppleWebKit/537.36 (KHTML, like Gecko) Chrome/47.0.2526.106 Safari/537.36"
::1 - - [Thu, 21 Jan 2016 09:45:03 GMT] "GET /KindEditor/kindeditor-min.js HTTP/1.1" 304 - "http://localhost:3000/u/xkm/2016-1-21/xxx" "Mozilla/5.0 (Windows NT 6.1; WOW64) AppleWebKit/537.36 (KHTML, like Gecko) Chrome/47.0.2526.106 Safari/537.36"
::1 - - [Thu, 21 Jan 2016 09:45:03 GMT] "GET /KindEditor/lang/zh_CN.js HTTP/1.1" 304 - "http://localhost:3000/u/xkm/2016-1-21/xxx" "Mozilla/5.0 (Windows NT 6.1; WOW64) AppleWebKit/537.36 (KHTML, like Gecko) Chrome/47.0.2526.106 Safari/537.36"
::1 - - [Thu, 21 Jan 2016 09:45:03 GMT] "GET /KindEditor/themes/default/default.css HTTP/1.1" 304 - "http://localhost:3000/u/xkm/2016-1-21/xxx" "Mozilla/5.0 (Windows NT 6.1; WOW64) AppleWebKit/537.36 (KHTML, like Gecko) Chrome/47.0.2526.106 Safari/537.36"
::1 - - [Thu, 21 Jan 2016 09:45:05 GMT] "GET / HTTP/1.1" 200 3017 "http://localhost:3000/u/xkm/2016-1-21/xxx" "Mozilla/5.0 (Windows NT 6.1; WOW64) AppleWebKit/537.36 (KHTML, like Gecko) Chrome/47.0.2526.106 Safari/537.36"
::1 - - [Thu, 21 Jan 2016 09:45:05 GMT] "GET /stylesheets/style.css HTTP/1.1" 304 - "http://localhost:3000/" "Mozilla/5.0 (Windows NT 6.1; WOW64) AppleWebKit/537.36 (KHTML, like Gecko) Chrome/47.0.2526.106 Safari/537.36"
::1 - - [Thu, 21 Jan 2016 09:45:05 GMT] "GET /KindEditor/kindeditor-min.js HTTP/1.1" 304 - "http://localhost:3000/" "Mozilla/5.0 (Windows NT 6.1; WOW64) AppleWebKit/537.36 (KHTML, like Gecko) Chrome/47.0.2526.106 Safari/537.36"
::1 - - [Thu, 21 Jan 2016 09:45:05 GMT] "GET /KindEditor/lang/zh_CN.js HTTP/1.1" 304 - "http://localhost:3000/" "Mozilla/5.0 (Windows NT 6.1; WOW64) AppleWebKit/537.36 (KHTML, like Gecko) Chrome/47.0.2526.106 Safari/537.36"
::1 - - [Thu, 21 Jan 2016 09:45:05 GMT] "GET /KindEditor/themes/default/default.css HTTP/1.1" 304 - "http://localhost:3000/" "Mozilla/5.0 (Windows NT 6.1; WOW64) AppleWebKit/537.36 (KHTML, like Gecko) Chrome/47.0.2526.106 Safari/537.36"
::1 - - [Thu, 21 Jan 2016 09:45:06 GMT] "GET /u/ycs/2016-1-20/111 HTTP/1.1" 200 2737 "http://localhost:3000/" "Mozilla/5.0 (Windows NT 6.1; WOW64) AppleWebKit/537.36 (KHTML, like Gecko) Chrome/47.0.2526.106 Safari/537.36"
::1 - - [Thu, 21 Jan 2016 09:45:06 GMT] "GET /stylesheets/style.css HTTP/1.1" 304 - "http://localhost:3000/u/ycs/2016-1-20/111" "Mozilla/5.0 (Windows NT 6.1; WOW64) AppleWebKit/537.36 (KHTML, like Gecko) Chrome/47.0.2526.106 Safari/537.36"
::1 - - [Thu, 21 Jan 2016 09:45:06 GMT] "GET /KindEditor/kindeditor-min.js HTTP/1.1" 304 - "http://localhost:3000/u/ycs/2016-1-20/111" "Mozilla/5.0 (Windows NT 6.1; WOW64) AppleWebKit/537.36 (KHTML, like Gecko) Chrome/47.0.2526.106 Safari/537.36"
::1 - - [Thu, 21 Jan 2016 09:45:06 GMT] "GET /KindEditor/lang/zh_CN.js HTTP/1.1" 304 - "http://localhost:3000/u/ycs/2016-1-20/111" "Mozilla/5.0 (Windows NT 6.1; WOW64) AppleWebKit/537.36 (KHTML, like Gecko) Chrome/47.0.2526.106 Safari/537.36"
::1 - - [Thu, 21 Jan 2016 09:45:06 GMT] "GET /KindEditor/themes/default/default.css HTTP/1.1" 304 - "http://localhost:3000/u/ycs/2016-1-20/111" "Mozilla/5.0 (Windows NT 6.1; WOW64) AppleWebKit/537.36 (KHTML, like Gecko) Chrome/47.0.2526.106 Safari/537.36"
::1 - - [Thu, 21 Jan 2016 09:45:07 GMT] "GET /remove/ycs/2016-1-20/111 HTTP/1.1" 302 46 "http://localhost:3000/u/ycs/2016-1-20/111" "Mozilla/5.0 (Windows NT 6.1; WOW64) AppleWebKit/537.36 (KHTML, like Gecko) Chrome/47.0.2526.106 Safari/537.36"
::1 - - [Thu, 21 Jan 2016 09:45:08 GMT] "GET / HTTP/1.1" 200 2579 "http://localhost:3000/u/ycs/2016-1-20/111" "Mozilla/5.0 (Windows NT 6.1; WOW64) AppleWebKit/537.36 (KHTML, like Gecko) Chrome/47.0.2526.106 Safari/537.36"
::1 - - [Thu, 21 Jan 2016 09:45:08 GMT] "GET /stylesheets/style.css HTTP/1.1" 304 - "http://localhost:3000/" "Mozilla/5.0 (Windows NT 6.1; WOW64) AppleWebKit/537.36 (KHTML, like Gecko) Chrome/47.0.2526.106 Safari/537.36"
::1 - - [Thu, 21 Jan 2016 09:45:08 GMT] "GET /KindEditor/kindeditor-min.js HTTP/1.1" 304 - "http://localhost:3000/" "Mozilla/5.0 (Windows NT 6.1; WOW64) AppleWebKit/537.36 (KHTML, like Gecko) Chrome/47.0.2526.106 Safari/537.36"
::1 - - [Thu, 21 Jan 2016 09:45:08 GMT] "GET /KindEditor/lang/zh_CN.js HTTP/1.1" 304 - "http://localhost:3000/" "Mozilla/5.0 (Windows NT 6.1; WOW64) AppleWebKit/537.36 (KHTML, like Gecko) Chrome/47.0.2526.106 Safari/537.36"
::1 - - [Thu, 21 Jan 2016 09:45:08 GMT] "GET /KindEditor/themes/default/default.css HTTP/1.1" 304 - "http://localhost:3000/" "Mozilla/5.0 (Windows NT 6.1; WOW64) AppleWebKit/537.36 (KHTML, like Gecko) Chrome/47.0.2526.106 Safari/537.36"
::1 - - [Thu, 21 Jan 2016 09:45:09 GMT] "GET / HTTP/1.1" 200 2533 "http://localhost:3000/" "Mozilla/5.0 (Windows NT 6.1; WOW64) AppleWebKit/537.36 (KHTML, like Gecko) Chrome/47.0.2526.106 Safari/537.36"
::1 - - [Thu, 21 Jan 2016 09:45:09 GMT] "GET /stylesheets/style.css HTTP/1.1" 304 - "http://localhost:3000/" "Mozilla/5.0 (Windows NT 6.1; WOW64) AppleWebKit/537.36 (KHTML, like Gecko) Chrome/47.0.2526.106 Safari/537.36"
::1 - - [Thu, 21 Jan 2016 09:45:09 GMT] "GET /KindEditor/kindeditor-min.js HTTP/1.1" 304 - "http://localhost:3000/" "Mozilla/5.0 (Windows NT 6.1; WOW64) AppleWebKit/537.36 (KHTML, like Gecko) Chrome/47.0.2526.106 Safari/537.36"
::1 - - [Thu, 21 Jan 2016 09:45:09 GMT] "GET /KindEditor/lang/zh_CN.js HTTP/1.1" 304 - "http://localhost:3000/" "Mozilla/5.0 (Windows NT 6.1; WOW64) AppleWebKit/537.36 (KHTML, like Gecko) Chrome/47.0.2526.106 Safari/537.36"
::1 - - [Thu, 21 Jan 2016 09:45:09 GMT] "GET /KindEditor/themes/default/default.css HTTP/1.1" 304 - "http://localhost:3000/" "Mozilla/5.0 (Windows NT 6.1; WOW64) AppleWebKit/537.36 (KHTML, like Gecko) Chrome/47.0.2526.106 Safari/537.36"
::1 - - [Thu, 21 Jan 2016 09:45:18 GMT] "GET /logout HTTP/1.1" 302 46 "http://localhost:3000/" "Mozilla/5.0 (Windows NT 6.1; WOW64) AppleWebKit/537.36 (KHTML, like Gecko) Chrome/47.0.2526.106 Safari/537.36"
::1 - - [Thu, 21 Jan 2016 09:45:18 GMT] "GET / HTTP/1.1" 200 2507 "http://localhost:3000/" "Mozilla/5.0 (Windows NT 6.1; WOW64) AppleWebKit/537.36 (KHTML, like Gecko) Chrome/47.0.2526.106 Safari/537.36"
::1 - - [Thu, 21 Jan 2016 09:45:18 GMT] "GET /stylesheets/style.css HTTP/1.1" 304 - "http://localhost:3000/" "Mozilla/5.0 (Windows NT 6.1; WOW64) AppleWebKit/537.36 (KHTML, like Gecko) Chrome/47.0.2526.106 Safari/537.36"
::1 - - [Thu, 21 Jan 2016 09:45:18 GMT] "GET /KindEditor/kindeditor-min.js HTTP/1.1" 304 - "http://localhost:3000/" "Mozilla/5.0 (Windows NT 6.1; WOW64) AppleWebKit/537.36 (KHTML, like Gecko) Chrome/47.0.2526.106 Safari/537.36"
::1 - - [Thu, 21 Jan 2016 09:45:18 GMT] "GET /KindEditor/lang/zh_CN.js HTTP/1.1" 304 - "http://localhost:3000/" "Mozilla/5.0 (Windows NT 6.1; WOW64) AppleWebKit/537.36 (KHTML, like Gecko) Chrome/47.0.2526.106 Safari/537.36"
::1 - - [Thu, 21 Jan 2016 09:45:18 GMT] "GET /KindEditor/themes/default/default.css HTTP/1.1" 304 - "http://localhost:3000/" "Mozilla/5.0 (Windows NT 6.1; WOW64) AppleWebKit/537.36 (KHTML, like Gecko) Chrome/47.0.2526.106 Safari/537.36"
::1 - - [Thu, 21 Jan 2016 09:45:21 GMT] "GET /login HTTP/1.1" 200 1613 "http://localhost:3000/" "Mozilla/5.0 (Windows NT 6.1; WOW64) AppleWebKit/537.36 (KHTML, like Gecko) Chrome/47.0.2526.106 Safari/537.36"
::1 - - [Thu, 21 Jan 2016 09:45:21 GMT] "GET /stylesheets/style.css HTTP/1.1" 304 - "http://localhost:3000/login" "Mozilla/5.0 (Windows NT 6.1; WOW64) AppleWebKit/537.36 (KHTML, like Gecko) Chrome/47.0.2526.106 Safari/537.36"
::1 - - [Thu, 21 Jan 2016 09:45:21 GMT] "GET /KindEditor/kindeditor-min.js HTTP/1.1" 304 - "http://localhost:3000/login" "Mozilla/5.0 (Windows NT 6.1; WOW64) AppleWebKit/537.36 (KHTML, like Gecko) Chrome/47.0.2526.106 Safari/537.36"
::1 - - [Thu, 21 Jan 2016 09:45:21 GMT] "GET /KindEditor/lang/zh_CN.js HTTP/1.1" 304 - "http://localhost:3000/login" "Mozilla/5.0 (Windows NT 6.1; WOW64) AppleWebKit/537.36 (KHTML, like Gecko) Chrome/47.0.2526.106 Safari/537.36"
::1 - - [Thu, 21 Jan 2016 09:45:21 GMT] "GET /KindEditor/themes/default/default.css HTTP/1.1" 304 - "http://localhost:3000/login" "Mozilla/5.0 (Windows NT 6.1; WOW64) AppleWebKit/537.36 (KHTML, like Gecko) Chrome/47.0.2526.106 Safari/537.36"
::1 - - [Thu, 21 Jan 2016 09:45:33 GMT] "POST /login HTTP/1.1" 302 46 "http://localhost:3000/login" "Mozilla/5.0 (Windows NT 6.1; WOW64) AppleWebKit/537.36 (KHTML, like Gecko) Chrome/47.0.2526.106 Safari/537.36"
::1 - - [Thu, 21 Jan 2016 09:45:33 GMT] "GET / HTTP/1.1" 200 2576 "http://localhost:3000/login" "Mozilla/5.0 (Windows NT 6.1; WOW64) AppleWebKit/537.36 (KHTML, like Gecko) Chrome/47.0.2526.106 Safari/537.36"
::1 - - [Thu, 21 Jan 2016 09:45:33 GMT] "GET /stylesheets/style.css HTTP/1.1" 304 - "http://localhost:3000/" "Mozilla/5.0 (Windows NT 6.1; WOW64) AppleWebKit/537.36 (KHTML, like Gecko) Chrome/47.0.2526.106 Safari/537.36"
::1 - - [Thu, 21 Jan 2016 09:45:33 GMT] "GET /KindEditor/kindeditor-min.js HTTP/1.1" 304 - "http://localhost:3000/" "Mozilla/5.0 (Windows NT 6.1; WOW64) AppleWebKit/537.36 (KHTML, like Gecko) Chrome/47.0.2526.106 Safari/537.36"
::1 - - [Thu, 21 Jan 2016 09:45:33 GMT] "GET /KindEditor/lang/zh_CN.js HTTP/1.1" 304 - "http://localhost:3000/" "Mozilla/5.0 (Windows NT 6.1; WOW64) AppleWebKit/537.36 (KHTML, like Gecko) Chrome/47.0.2526.106 Safari/537.36"
::1 - - [Thu, 21 Jan 2016 09:45:33 GMT] "GET /KindEditor/themes/default/default.css HTTP/1.1" 304 - "http://localhost:3000/" "Mozilla/5.0 (Windows NT 6.1; WOW64) AppleWebKit/537.36 (KHTML, like Gecko) Chrome/47.0.2526.106 Safari/537.36"
::1 - - [Thu, 21 Jan 2016 09:45:34 GMT] "GET /u/xkm/2016-1-21/[%E8%BD%AC%E8%BD%BD]111 HTTP/1.1" 200 2824 "http://localhost:3000/" "Mozilla/5.0 (Windows NT 6.1; WOW64) AppleWebKit/537.36 (KHTML, like Gecko) Chrome/47.0.2526.106 Safari/537.36"
::1 - - [Thu, 21 Jan 2016 09:45:34 GMT] "GET /stylesheets/style.css HTTP/1.1" 304 - "http://localhost:3000/u/xkm/2016-1-21/[%E8%BD%AC%E8%BD%BD]111" "Mozilla/5.0 (Windows NT 6.1; WOW64) AppleWebKit/537.36 (KHTML, like Gecko) Chrome/47.0.2526.106 Safari/537.36"
::1 - - [Thu, 21 Jan 2016 09:45:34 GMT] "GET /KindEditor/kindeditor-min.js HTTP/1.1" 304 - "http://localhost:3000/u/xkm/2016-1-21/[%E8%BD%AC%E8%BD%BD]111" "Mozilla/5.0 (Windows NT 6.1; WOW64) AppleWebKit/537.36 (KHTML, like Gecko) Chrome/47.0.2526.106 Safari/537.36"
::1 - - [Thu, 21 Jan 2016 09:45:34 GMT] "GET /KindEditor/lang/zh_CN.js HTTP/1.1" 304 - "http://localhost:3000/u/xkm/2016-1-21/[%E8%BD%AC%E8%BD%BD]111" "Mozilla/5.0 (Windows NT 6.1; WOW64) AppleWebKit/537.36 (KHTML, like Gecko) Chrome/47.0.2526.106 Safari/537.36"
::1 - - [Thu, 21 Jan 2016 09:45:34 GMT] "GET /KindEditor/themes/default/default.css HTTP/1.1" 304 - "http://localhost:3000/u/xkm/2016-1-21/[%E8%BD%AC%E8%BD%BD]111" "Mozilla/5.0 (Windows NT 6.1; WOW64) AppleWebKit/537.36 (KHTML, like Gecko) Chrome/47.0.2526.106 Safari/537.36"
::1 - - [Thu, 21 Jan 2016 09:46:49 GMT] "GET /login HTTP/1.1" 500 46 "-" "Mozilla/5.0 (Windows NT 6.1; WOW64) AppleWebKit/537.36 (KHTML, like Gecko) Chrome/47.0.2526.106 Safari/537.36"
::ffff:127.0.0.1 - - [Thu, 21 Jan 2016 09:46:49 GMT] "GET / HTTP/1.1" 200 2019 "-" "Mozilla/5.0 (Windows NT 6.1; WOW64) AppleWebKit/537.36 (KHTML, like Gecko) Chrome/47.0.2526.106 Safari/537.36"
::ffff:127.0.0.1 - - [Thu, 21 Jan 2016 09:46:49 GMT] "GET /stylesheets/style.css HTTP/1.1" 304 - "http://localhost:3000/" "Mozilla/5.0 (Windows NT 6.1; WOW64) AppleWebKit/537.36 (KHTML, like Gecko) Chrome/47.0.2526.106 Safari/537.36"
::1 - - [Thu, 21 Jan 2016 09:46:49 GMT] "GET /KindEditor/kindeditor-min.js HTTP/1.1" 304 - "http://localhost:3000/" "Mozilla/5.0 (Windows NT 6.1; WOW64) AppleWebKit/537.36 (KHTML, like Gecko) Chrome/47.0.2526.106 Safari/537.36"
::1 - - [Thu, 21 Jan 2016 09:46:49 GMT] "GET /KindEditor/lang/zh_CN.js HTTP/1.1" 304 - "http://localhost:3000/" "Mozilla/5.0 (Windows NT 6.1; WOW64) AppleWebKit/537.36 (KHTML, like Gecko) Chrome/47.0.2526.106 Safari/537.36"
::1 - - [Thu, 21 Jan 2016 09:46:49 GMT] "GET /KindEditor/themes/default/default.css HTTP/1.1" 304 - "http://localhost:3000/" "Mozilla/5.0 (Windows NT 6.1; WOW64) AppleWebKit/537.36 (KHTML, like Gecko) Chrome/47.0.2526.106 Safari/537.36"
::1 - - [Thu, 21 Jan 2016 09:46:55 GMT] "GET / HTTP/1.1" 200 1970 "http://localhost:3000/" "Mozilla/5.0 (Windows NT 6.1; WOW64) AppleWebKit/537.36 (KHTML, like Gecko) Chrome/47.0.2526.106 Safari/537.36"
::1 - - [Thu, 21 Jan 2016 09:46:55 GMT] "GET /stylesheets/style.css HTTP/1.1" 304 - "http://localhost:3000/" "Mozilla/5.0 (Windows NT 6.1; WOW64) AppleWebKit/537.36 (KHTML, like Gecko) Chrome/47.0.2526.106 Safari/537.36"
::1 - - [Thu, 21 Jan 2016 09:46:55 GMT] "GET /KindEditor/kindeditor-min.js HTTP/1.1" 304 - "http://localhost:3000/" "Mozilla/5.0 (Windows NT 6.1; WOW64) AppleWebKit/537.36 (KHTML, like Gecko) Chrome/47.0.2526.106 Safari/537.36"
::ffff:127.0.0.1 - - [Thu, 21 Jan 2016 09:46:55 GMT] "GET /KindEditor/lang/zh_CN.js HTTP/1.1" 304 - "http://localhost:3000/" "Mozilla/5.0 (Windows NT 6.1; WOW64) AppleWebKit/537.36 (KHTML, like Gecko) Chrome/47.0.2526.106 Safari/537.36"
::ffff:127.0.0.1 - - [Thu, 21 Jan 2016 09:46:55 GMT] "GET /KindEditor/themes/default/default.css HTTP/1.1" 304 - "http://localhost:3000/" "Mozilla/5.0 (Windows NT 6.1; WOW64) AppleWebKit/537.36 (KHTML, like Gecko) Chrome/47.0.2526.106 Safari/537.36"
::ffff:127.0.0.1 - - [Thu, 21 Jan 2016 09:46:57 GMT] "GET /u/xkm/2016-1-21/xxx HTTP/1.1" 200 2736 "http://localhost:3000/" "Mozilla/5.0 (Windows NT 6.1; WOW64) AppleWebKit/537.36 (KHTML, like Gecko) Chrome/47.0.2526.106 Safari/537.36"
::ffff:127.0.0.1 - - [Thu, 21 Jan 2016 09:46:57 GMT] "GET /stylesheets/style.css HTTP/1.1" 304 - "http://localhost:3000/u/xkm/2016-1-21/xxx" "Mozilla/5.0 (Windows NT 6.1; WOW64) AppleWebKit/537.36 (KHTML, like Gecko) Chrome/47.0.2526.106 Safari/537.36"
::1 - - [Thu, 21 Jan 2016 09:46:57 GMT] "GET /KindEditor/kindeditor-min.js HTTP/1.1" 304 - "http://localhost:3000/u/xkm/2016-1-21/xxx" "Mozilla/5.0 (Windows NT 6.1; WOW64) AppleWebKit/537.36 (KHTML, like Gecko) Chrome/47.0.2526.106 Safari/537.36"
::1 - - [Thu, 21 Jan 2016 09:46:57 GMT] "GET /KindEditor/lang/zh_CN.js HTTP/1.1" 304 - "http://localhost:3000/u/xkm/2016-1-21/xxx" "Mozilla/5.0 (Windows NT 6.1; WOW64) AppleWebKit/537.36 (KHTML, like Gecko) Chrome/47.0.2526.106 Safari/537.36"
::1 - - [Thu, 21 Jan 2016 09:46:57 GMT] "GET /KindEditor/themes/default/default.css HTTP/1.1" 304 - "http://localhost:3000/u/xkm/2016-1-21/xxx" "Mozilla/5.0 (Windows NT 6.1; WOW64) AppleWebKit/537.36 (KHTML, like Gecko) Chrome/47.0.2526.106 Safari/537.36"
::1 - - [Thu, 21 Jan 2016 09:46:58 GMT] "GET /remove/xkm/2016-1-21/xxx HTTP/1.1" 302 46 "http://localhost:3000/u/xkm/2016-1-21/xxx" "Mozilla/5.0 (Windows NT 6.1; WOW64) AppleWebKit/537.36 (KHTML, like Gecko) Chrome/47.0.2526.106 Safari/537.36"
::1 - - [Thu, 21 Jan 2016 09:46:58 GMT] "GET / HTTP/1.1" 200 1533 "http://localhost:3000/u/xkm/2016-1-21/xxx" "Mozilla/5.0 (Windows NT 6.1; WOW64) AppleWebKit/537.36 (KHTML, like Gecko) Chrome/47.0.2526.106 Safari/537.36"
::1 - - [Thu, 21 Jan 2016 09:46:58 GMT] "GET /stylesheets/style.css HTTP/1.1" 304 - "http://localhost:3000/" "Mozilla/5.0 (Windows NT 6.1; WOW64) AppleWebKit/537.36 (KHTML, like Gecko) Chrome/47.0.2526.106 Safari/537.36"
::1 - - [Thu, 21 Jan 2016 09:46:58 GMT] "GET /KindEditor/kindeditor-min.js HTTP/1.1" 304 - "http://localhost:3000/" "Mozilla/5.0 (Windows NT 6.1; WOW64) AppleWebKit/537.36 (KHTML, like Gecko) Chrome/47.0.2526.106 Safari/537.36"
::ffff:127.0.0.1 - - [Thu, 21 Jan 2016 09:46:58 GMT] "GET /KindEditor/lang/zh_CN.js HTTP/1.1" 304 - "http://localhost:3000/" "Mozilla/5.0 (Windows NT 6.1; WOW64) AppleWebKit/537.36 (KHTML, like Gecko) Chrome/47.0.2526.106 Safari/537.36"
::ffff:127.0.0.1 - - [Thu, 21 Jan 2016 09:46:58 GMT] "GET /KindEditor/themes/default/default.css HTTP/1.1" 304 - "http://localhost:3000/" "Mozilla/5.0 (Windows NT 6.1; WOW64) AppleWebKit/537.36 (KHTML, like Gecko) Chrome/47.0.2526.106 Safari/537.36"
::ffff:127.0.0.1 - - [Thu, 21 Jan 2016 09:46:59 GMT] "GET / HTTP/1.1" 200 1487 "http://localhost:3000/" "Mozilla/5.0 (Windows NT 6.1; WOW64) AppleWebKit/537.36 (KHTML, like Gecko) Chrome/47.0.2526.106 Safari/537.36"
::ffff:127.0.0.1 - - [Thu, 21 Jan 2016 09:46:59 GMT] "GET /stylesheets/style.css HTTP/1.1" 304 - "http://localhost:3000/" "Mozilla/5.0 (Windows NT 6.1; WOW64) AppleWebKit/537.36 (KHTML, like Gecko) Chrome/47.0.2526.106 Safari/537.36"
::1 - - [Thu, 21 Jan 2016 09:46:59 GMT] "GET /KindEditor/kindeditor-min.js HTTP/1.1" 304 - "http://localhost:3000/" "Mozilla/5.0 (Windows NT 6.1; WOW64) AppleWebKit/537.36 (KHTML, like Gecko) Chrome/47.0.2526.106 Safari/537.36"
::1 - - [Thu, 21 Jan 2016 09:46:59 GMT] "GET /KindEditor/lang/zh_CN.js HTTP/1.1" 304 - "http://localhost:3000/" "Mozilla/5.0 (Windows NT 6.1; WOW64) AppleWebKit/537.36 (KHTML, like Gecko) Chrome/47.0.2526.106 Safari/537.36"
::1 - - [Thu, 21 Jan 2016 09:46:59 GMT] "GET /KindEditor/themes/default/default.css HTTP/1.1" 304 - "http://localhost:3000/" "Mozilla/5.0 (Windows NT 6.1; WOW64) AppleWebKit/537.36 (KHTML, like Gecko) Chrome/47.0.2526.106 Safari/537.36"
::1 - - [Thu, 21 Jan 2016 09:47:55 GMT] "GET /stylesheets/style.css HTTP/1.1" 304 - "http://localhost:3000/" "Mozilla/5.0 (Windows NT 6.1; WOW64) AppleWebKit/537.36 (KHTML, like Gecko) Chrome/47.0.2526.106 Safari/537.36"
::1 - - [Thu, 21 Jan 2016 09:47:55 GMT] "GET /KindEditor/themes/default/default.css HTTP/1.1" 304 - "http://localhost:3000/" "Mozilla/5.0 (Windows NT 6.1; WOW64) AppleWebKit/537.36 (KHTML, like Gecko) Chrome/47.0.2526.106 Safari/537.36"
::1 - - [Thu, 21 Jan 2016 09:50:26 GMT] "GET /logout HTTP/1.1" 302 46 "http://localhost:3000/" "Mozilla/5.0 (Windows NT 6.1; WOW64) AppleWebKit/537.36 (KHTML, like Gecko) Chrome/47.0.2526.106 Safari/537.36"
::1 - - [Thu, 21 Jan 2016 09:50:27 GMT] "GET / HTTP/1.1" 200 1461 "http://localhost:3000/" "Mozilla/5.0 (Windows NT 6.1; WOW64) AppleWebKit/537.36 (KHTML, like Gecko) Chrome/47.0.2526.106 Safari/537.36"
::1 - - [Thu, 21 Jan 2016 09:50:27 GMT] "GET /stylesheets/style.css HTTP/1.1" 304 - "http://localhost:3000/" "Mozilla/5.0 (Windows NT 6.1; WOW64) AppleWebKit/537.36 (KHTML, like Gecko) Chrome/47.0.2526.106 Safari/537.36"
::1 - - [Thu, 21 Jan 2016 09:50:27 GMT] "GET /KindEditor/kindeditor-min.js HTTP/1.1" 304 - "http://localhost:3000/" "Mozilla/5.0 (Windows NT 6.1; WOW64) AppleWebKit/537.36 (KHTML, like Gecko) Chrome/47.0.2526.106 Safari/537.36"
::1 - - [Thu, 21 Jan 2016 09:50:27 GMT] "GET /KindEditor/lang/zh_CN.js HTTP/1.1" 304 - "http://localhost:3000/" "Mozilla/5.0 (Windows NT 6.1; WOW64) AppleWebKit/537.36 (KHTML, like Gecko) Chrome/47.0.2526.106 Safari/537.36"
::1 - - [Thu, 21 Jan 2016 09:50:27 GMT] "GET /KindEditor/themes/default/default.css HTTP/1.1" 304 - "http://localhost:3000/" "Mozilla/5.0 (Windows NT 6.1; WOW64) AppleWebKit/537.36 (KHTML, like Gecko) Chrome/47.0.2526.106 Safari/537.36"
::1 - - [Thu, 21 Jan 2016 09:50:28 GMT] "GET /login HTTP/1.1" 200 1613 "http://localhost:3000/" "Mozilla/5.0 (Windows NT 6.1; WOW64) AppleWebKit/537.36 (KHTML, like Gecko) Chrome/47.0.2526.106 Safari/537.36"
::1 - - [Thu, 21 Jan 2016 09:50:28 GMT] "GET /stylesheets/style.css HTTP/1.1" 304 - "http://localhost:3000/login" "Mozilla/5.0 (Windows NT 6.1; WOW64) AppleWebKit/537.36 (KHTML, like Gecko) Chrome/47.0.2526.106 Safari/537.36"
::1 - - [Thu, 21 Jan 2016 09:50:28 GMT] "GET /KindEditor/kindeditor-min.js HTTP/1.1" 304 - "http://localhost:3000/login" "Mozilla/5.0 (Windows NT 6.1; WOW64) AppleWebKit/537.36 (KHTML, like Gecko) Chrome/47.0.2526.106 Safari/537.36"
::1 - - [Thu, 21 Jan 2016 09:50:28 GMT] "GET /KindEditor/lang/zh_CN.js HTTP/1.1" 304 - "http://localhost:3000/login" "Mozilla/5.0 (Windows NT 6.1; WOW64) AppleWebKit/537.36 (KHTML, like Gecko) Chrome/47.0.2526.106 Safari/537.36"
::1 - - [Thu, 21 Jan 2016 09:50:28 GMT] "GET /KindEditor/themes/default/default.css HTTP/1.1" 304 - "http://localhost:3000/login" "Mozilla/5.0 (Windows NT 6.1; WOW64) AppleWebKit/537.36 (KHTML, like Gecko) Chrome/47.0.2526.106 Safari/537.36"
::1 - - [Thu, 21 Jan 2016 09:50:29 GMT] "POST /login HTTP/1.1" 302 58 "http://localhost:3000/login" "Mozilla/5.0 (Windows NT 6.1; WOW64) AppleWebKit/537.36 (KHTML, like Gecko) Chrome/47.0.2526.106 Safari/537.36"
::1 - - [Thu, 21 Jan 2016 09:50:29 GMT] "GET /login HTTP/1.1" 200 1649 "http://localhost:3000/login" "Mozilla/5.0 (Windows NT 6.1; WOW64) AppleWebKit/537.36 (KHTML, like Gecko) Chrome/47.0.2526.106 Safari/537.36"
::1 - - [Thu, 21 Jan 2016 09:50:29 GMT] "GET /stylesheets/style.css HTTP/1.1" 304 - "http://localhost:3000/login" "Mozilla/5.0 (Windows NT 6.1; WOW64) AppleWebKit/537.36 (KHTML, like Gecko) Chrome/47.0.2526.106 Safari/537.36"
::1 - - [Thu, 21 Jan 2016 09:50:29 GMT] "GET /KindEditor/kindeditor-min.js HTTP/1.1" 304 - "http://localhost:3000/login" "Mozilla/5.0 (Windows NT 6.1; WOW64) AppleWebKit/537.36 (KHTML, like Gecko) Chrome/47.0.2526.106 Safari/537.36"
::1 - - [Thu, 21 Jan 2016 09:50:29 GMT] "GET /KindEditor/lang/zh_CN.js HTTP/1.1" 304 - "http://localhost:3000/login" "Mozilla/5.0 (Windows NT 6.1; WOW64) AppleWebKit/537.36 (KHTML, like Gecko) Chrome/47.0.2526.106 Safari/537.36"
::1 - - [Thu, 21 Jan 2016 09:50:29 GMT] "GET /KindEditor/themes/default/default.css HTTP/1.1" 304 - "http://localhost:3000/login" "Mozilla/5.0 (Windows NT 6.1; WOW64) AppleWebKit/537.36 (KHTML, like Gecko) Chrome/47.0.2526.106 Safari/537.36"
::1 - - [Thu, 21 Jan 2016 09:50:34 GMT] "POST /login HTTP/1.1" 302 46 "http://localhost:3000/login" "Mozilla/5.0 (Windows NT 6.1; WOW64) AppleWebKit/537.36 (KHTML, like Gecko) Chrome/47.0.2526.106 Safari/537.36"
::1 - - [Thu, 21 Jan 2016 09:50:34 GMT] "GET / HTTP/1.1" 200 1530 "http://localhost:3000/login" "Mozilla/5.0 (Windows NT 6.1; WOW64) AppleWebKit/537.36 (KHTML, like Gecko) Chrome/47.0.2526.106 Safari/537.36"
::1 - - [Thu, 21 Jan 2016 09:50:34 GMT] "GET /stylesheets/style.css HTTP/1.1" 304 - "http://localhost:3000/" "Mozilla/5.0 (Windows NT 6.1; WOW64) AppleWebKit/537.36 (KHTML, like Gecko) Chrome/47.0.2526.106 Safari/537.36"
::1 - - [Thu, 21 Jan 2016 09:50:34 GMT] "GET /KindEditor/kindeditor-min.js HTTP/1.1" 304 - "http://localhost:3000/" "Mozilla/5.0 (Windows NT 6.1; WOW64) AppleWebKit/537.36 (KHTML, like Gecko) Chrome/47.0.2526.106 Safari/537.36"
::1 - - [Thu, 21 Jan 2016 09:50:34 GMT] "GET /KindEditor/lang/zh_CN.js HTTP/1.1" 304 - "http://localhost:3000/" "Mozilla/5.0 (Windows NT 6.1; WOW64) AppleWebKit/537.36 (KHTML, like Gecko) Chrome/47.0.2526.106 Safari/537.36"
::1 - - [Thu, 21 Jan 2016 09:50:34 GMT] "GET /KindEditor/themes/default/default.css HTTP/1.1" 304 - "http://localhost:3000/" "Mozilla/5.0 (Windows NT 6.1; WOW64) AppleWebKit/537.36 (KHTML, like Gecko) Chrome/47.0.2526.106 Safari/537.36"
::1 - - [Thu, 21 Jan 2016 09:50:36 GMT] "GET /post HTTP/1.1" 200 1821 "http://localhost:3000/" "Mozilla/5.0 (Windows NT 6.1; WOW64) AppleWebKit/537.36 (KHTML, like Gecko) Chrome/47.0.2526.106 Safari/537.36"
::1 - - [Thu, 21 Jan 2016 09:50:36 GMT] "GET /stylesheets/style.css HTTP/1.1" 304 - "http://localhost:3000/post" "Mozilla/5.0 (Windows NT 6.1; WOW64) AppleWebKit/537.36 (KHTML, like Gecko) Chrome/47.0.2526.106 Safari/537.36"
::1 - - [Thu, 21 Jan 2016 09:50:36 GMT] "GET /KindEditor/kindeditor-min.js HTTP/1.1" 304 - "http://localhost:3000/post" "Mozilla/5.0 (Windows NT 6.1; WOW64) AppleWebKit/537.36 (KHTML, like Gecko) Chrome/47.0.2526.106 Safari/537.36"
::1 - - [Thu, 21 Jan 2016 09:50:36 GMT] "GET /KindEditor/lang/zh_CN.js HTTP/1.1" 304 - "http://localhost:3000/post" "Mozilla/5.0 (Windows NT 6.1; WOW64) AppleWebKit/537.36 (KHTML, like Gecko) Chrome/47.0.2526.106 Safari/537.36"
::1 - - [Thu, 21 Jan 2016 09:50:36 GMT] "GET /KindEditor/themes/default/default.css HTTP/1.1" 304 - "http://localhost:3000/post" "Mozilla/5.0 (Windows NT 6.1; WOW64) AppleWebKit/537.36 (KHTML, like Gecko) Chrome/47.0.2526.106 Safari/537.36"
::1 - - [Thu, 21 Jan 2016 09:50:36 GMT] "GET /KindEditor/themes/default/default.png HTTP/1.1" 304 - "http://localhost:3000/KindEditor/themes/default/default.css" "Mozilla/5.0 (Windows NT 6.1; WOW64) AppleWebKit/537.36 (KHTML, like Gecko) Chrome/47.0.2526.106 Safari/537.36"
::1 - - [Thu, 21 Jan 2016 09:50:45 GMT] "POST /post HTTP/1.1" 302 46 "http://localhost:3000/post" "Mozilla/5.0 (Windows NT 6.1; WOW64) AppleWebKit/537.36 (KHTML, like Gecko) Chrome/47.0.2526.106 Safari/537.36"
::1 - - [Thu, 21 Jan 2016 09:50:45 GMT] "GET / HTTP/1.1" 200 2012 "http://localhost:3000/post" "Mozilla/5.0 (Windows NT 6.1; WOW64) AppleWebKit/537.36 (KHTML, like Gecko) Chrome/47.0.2526.106 Safari/537.36"
::1 - - [Thu, 21 Jan 2016 09:50:45 GMT] "GET /stylesheets/style.css HTTP/1.1" 304 - "http://localhost:3000/" "Mozilla/5.0 (Windows NT 6.1; WOW64) AppleWebKit/537.36 (KHTML, like Gecko) Chrome/47.0.2526.106 Safari/537.36"
::1 - - [Thu, 21 Jan 2016 09:50:45 GMT] "GET /KindEditor/kindeditor-min.js HTTP/1.1" 304 - "http://localhost:3000/" "Mozilla/5.0 (Windows NT 6.1; WOW64) AppleWebKit/537.36 (KHTML, like Gecko) Chrome/47.0.2526.106 Safari/537.36"
::1 - - [Thu, 21 Jan 2016 09:50:45 GMT] "GET /KindEditor/lang/zh_CN.js HTTP/1.1" 304 - "http://localhost:3000/" "Mozilla/5.0 (Windows NT 6.1; WOW64) AppleWebKit/537.36 (KHTML, like Gecko) Chrome/47.0.2526.106 Safari/537.36"
::1 - - [Thu, 21 Jan 2016 09:50:45 GMT] "GET /KindEditor/themes/default/default.css HTTP/1.1" 304 - "http://localhost:3000/" "Mozilla/5.0 (Windows NT 6.1; WOW64) AppleWebKit/537.36 (KHTML, like Gecko) Chrome/47.0.2526.106 Safari/537.36"
::1 - - [Thu, 21 Jan 2016 09:50:54 GMT] "GET /stylesheets/style.css HTTP/1.1" 304 - "http://localhost:3000/" "Mozilla/5.0 (Windows NT 6.1; WOW64) AppleWebKit/537.36 (KHTML, like Gecko) Chrome/47.0.2526.106 Safari/537.36"
::1 - - [Thu, 21 Jan 2016 09:50:54 GMT] "GET /KindEditor/themes/default/default.css HTTP/1.1" 304 - "http://localhost:3000/" "Mozilla/5.0 (Windows NT 6.1; WOW64) AppleWebKit/537.36 (KHTML, like Gecko) Chrome/47.0.2526.106 Safari/537.36"
::1 - - [Thu, 21 Jan 2016 09:51:00 GMT] "GET /u/ycs/2016-1-21/123 HTTP/1.1" 200 2735 "http://localhost:3000/" "Mozilla/5.0 (Windows NT 6.1; WOW64) AppleWebKit/537.36 (KHTML, like Gecko) Chrome/47.0.2526.106 Safari/537.36"
::1 - - [Thu, 21 Jan 2016 09:51:00 GMT] "GET /stylesheets/style.css HTTP/1.1" 304 - "http://localhost:3000/u/ycs/2016-1-21/123" "Mozilla/5.0 (Windows NT 6.1; WOW64) AppleWebKit/537.36 (KHTML, like Gecko) Chrome/47.0.2526.106 Safari/537.36"
::1 - - [Thu, 21 Jan 2016 09:51:00 GMT] "GET /KindEditor/kindeditor-min.js HTTP/1.1" 304 - "http://localhost:3000/u/ycs/2016-1-21/123" "Mozilla/5.0 (Windows NT 6.1; WOW64) AppleWebKit/537.36 (KHTML, like Gecko) Chrome/47.0.2526.106 Safari/537.36"
::1 - - [Thu, 21 Jan 2016 09:51:00 GMT] "GET /KindEditor/lang/zh_CN.js HTTP/1.1" 304 - "http://localhost:3000/u/ycs/2016-1-21/123" "Mozilla/5.0 (Windows NT 6.1; WOW64) AppleWebKit/537.36 (KHTML, like Gecko) Chrome/47.0.2526.106 Safari/537.36"
::1 - - [Thu, 21 Jan 2016 09:51:00 GMT] "GET /KindEditor/themes/default/default.css HTTP/1.1" 304 - "http://localhost:3000/u/ycs/2016-1-21/123" "Mozilla/5.0 (Windows NT 6.1; WOW64) AppleWebKit/537.36 (KHTML, like Gecko) Chrome/47.0.2526.106 Safari/537.36"
::1 - - [Thu, 21 Jan 2016 09:52:29 GMT] "GET / HTTP/1.1" 200 1969 "http://localhost:3000/u/ycs/2016-1-21/123" "Mozilla/5.0 (Windows NT 6.1; WOW64) AppleWebKit/537.36 (KHTML, like Gecko) Chrome/47.0.2526.106 Safari/537.36"
::1 - - [Thu, 21 Jan 2016 09:52:29 GMT] "GET /stylesheets/style.css HTTP/1.1" 304 - "http://localhost:3000/" "Mozilla/5.0 (Windows NT 6.1; WOW64) AppleWebKit/537.36 (KHTML, like Gecko) Chrome/47.0.2526.106 Safari/537.36"
::1 - - [Thu, 21 Jan 2016 09:52:29 GMT] "GET /KindEditor/kindeditor-min.js HTTP/1.1" 304 - "http://localhost:3000/" "Mozilla/5.0 (Windows NT 6.1; WOW64) AppleWebKit/537.36 (KHTML, like Gecko) Chrome/47.0.2526.106 Safari/537.36"
::1 - - [Thu, 21 Jan 2016 09:52:29 GMT] "GET /KindEditor/lang/zh_CN.js HTTP/1.1" 304 - "http://localhost:3000/" "Mozilla/5.0 (Windows NT 6.1; WOW64) AppleWebKit/537.36 (KHTML, like Gecko) Chrome/47.0.2526.106 Safari/537.36"
::1 - - [Thu, 21 Jan 2016 09:52:29 GMT] "GET /KindEditor/themes/default/default.css HTTP/1.1" 304 - "http://localhost:3000/" "Mozilla/5.0 (Windows NT 6.1; WOW64) AppleWebKit/537.36 (KHTML, like Gecko) Chrome/47.0.2526.106 Safari/537.36"
::1 - - [Thu, 21 Jan 2016 09:52:33 GMT] "GET /u/ycs/2016-1-21/123 HTTP/1.1" 200 2735 "http://localhost:3000/" "Mozilla/5.0 (Windows NT 6.1; WOW64) AppleWebKit/537.36 (KHTML, like Gecko) Chrome/47.0.2526.106 Safari/537.36"
::1 - - [Thu, 21 Jan 2016 09:52:33 GMT] "GET /stylesheets/style.css HTTP/1.1" 304 - "http://localhost:3000/u/ycs/2016-1-21/123" "Mozilla/5.0 (Windows NT 6.1; WOW64) AppleWebKit/537.36 (KHTML, like Gecko) Chrome/47.0.2526.106 Safari/537.36"
::1 - - [Thu, 21 Jan 2016 09:52:33 GMT] "GET /KindEditor/kindeditor-min.js HTTP/1.1" 304 - "http://localhost:3000/u/ycs/2016-1-21/123" "Mozilla/5.0 (Windows NT 6.1; WOW64) AppleWebKit/537.36 (KHTML, like Gecko) Chrome/47.0.2526.106 Safari/537.36"
::1 - - [Thu, 21 Jan 2016 09:52:33 GMT] "GET /KindEditor/lang/zh_CN.js HTTP/1.1" 304 - "http://localhost:3000/u/ycs/2016-1-21/123" "Mozilla/5.0 (Windows NT 6.1; WOW64) AppleWebKit/537.36 (KHTML, like Gecko) Chrome/47.0.2526.106 Safari/537.36"
::1 - - [Thu, 21 Jan 2016 09:52:33 GMT] "GET /KindEditor/themes/default/default.css HTTP/1.1" 304 - "http://localhost:3000/u/ycs/2016-1-21/123" "Mozilla/5.0 (Windows NT 6.1; WOW64) AppleWebKit/537.36 (KHTML, like Gecko) Chrome/47.0.2526.106 Safari/537.36"
::1 - - [Thu, 21 Jan 2016 09:52:36 GMT] "GET /remove/ycs/2016-1-21/123 HTTP/1.1" 302 46 "http://localhost:3000/u/ycs/2016-1-21/123" "Mozilla/5.0 (Windows NT 6.1; WOW64) AppleWebKit/537.36 (KHTML, like Gecko) Chrome/47.0.2526.106 Safari/537.36"
::1 - - [Thu, 21 Jan 2016 09:52:36 GMT] "GET / HTTP/1.1" 200 1533 "http://localhost:3000/u/ycs/2016-1-21/123" "Mozilla/5.0 (Windows NT 6.1; WOW64) AppleWebKit/537.36 (KHTML, like Gecko) Chrome/47.0.2526.106 Safari/537.36"
::1 - - [Thu, 21 Jan 2016 09:52:36 GMT] "GET /stylesheets/style.css HTTP/1.1" 304 - "http://localhost:3000/" "Mozilla/5.0 (Windows NT 6.1; WOW64) AppleWebKit/537.36 (KHTML, like Gecko) Chrome/47.0.2526.106 Safari/537.36"
::1 - - [Thu, 21 Jan 2016 09:52:36 GMT] "GET /KindEditor/kindeditor-min.js HTTP/1.1" 304 - "http://localhost:3000/" "Mozilla/5.0 (Windows NT 6.1; WOW64) AppleWebKit/537.36 (KHTML, like Gecko) Chrome/47.0.2526.106 Safari/537.36"
::1 - - [Thu, 21 Jan 2016 09:52:36 GMT] "GET /KindEditor/lang/zh_CN.js HTTP/1.1" 304 - "http://localhost:3000/" "Mozilla/5.0 (Windows NT 6.1; WOW64) AppleWebKit/537.36 (KHTML, like Gecko) Chrome/47.0.2526.106 Safari/537.36"
::1 - - [Thu, 21 Jan 2016 09:52:36 GMT] "GET /KindEditor/themes/default/default.css HTTP/1.1" 304 - "http://localhost:3000/" "Mozilla/5.0 (Windows NT 6.1; WOW64) AppleWebKit/537.36 (KHTML, like Gecko) Chrome/47.0.2526.106 Safari/537.36"
